mode: set
github.com/Futturi/vktest/docs/docs.go:534.13,536.2 1 0
github.com/Futturi/vktest/cmd/main.go:29.13,33.16 4 0
github.com/Futturi/vktest/cmd/main.go:33.16,35.3 1 0
github.com/Futturi/vktest/cmd/main.go:36.2,46.16 3 0
github.com/Futturi/vktest/cmd/main.go:46.16,48.3 1 0
github.com/Futturi/vktest/cmd/main.go:50.2,53.63 4 0
github.com/Futturi/vktest/cmd/main.go:53.63,55.3 1 0
github.com/Futturi/vktest/cmd/main.go:56.2,57.12 2 0
github.com/Futturi/vktest/cmd/main.go:57.12,58.81 1 0
github.com/Futturi/vktest/cmd/main.go:58.81,60.4 1 0
github.com/Futturi/vktest/cmd/main.go:62.2,69.61 6 0
github.com/Futturi/vktest/cmd/main.go:69.61,72.3 2 0
github.com/Futturi/vktest/cmd/main.go:73.2,73.40 1 0
github.com/Futturi/vktest/cmd/main.go:73.40,76.3 2 0
github.com/Futturi/vktest/cmd/main.go:78.25,82.2 3 0
github.com/Futturi/vktest/internal/errs/error.go:9.31,13.2 3 0
github.com/Futturi/vktest/internal/service/actor_service.go:16.64,18.2 1 0
github.com/Futturi/vktest/internal/service/actor_service.go:20.67,23.16 3 0
github.com/Futturi/vktest/internal/service/actor_service.go:23.16,25.3 1 0
github.com/Futturi/vktest/internal/service/actor_service.go:26.2,26.29 1 0
github.com/Futturi/vktest/internal/service/actor_service.go:26.29,29.17 3 0
github.com/Futturi/vktest/internal/service/actor_service.go:29.17,31.4 1 0
github.com/Futturi/vktest/internal/service/actor_service.go:32.3,40.5 3 0
github.com/Futturi/vktest/internal/service/actor_service.go:42.2,42.20 1 0
github.com/Futturi/vktest/internal/service/actor_service.go:44.70,46.16 2 0
github.com/Futturi/vktest/internal/service/actor_service.go:46.16,48.3 1 0
github.com/Futturi/vktest/internal/service/actor_service.go:49.2,50.34 2 0
github.com/Futturi/vktest/internal/service/actor_service.go:53.77,54.23 1 0
github.com/Futturi/vktest/internal/service/actor_service.go:54.23,56.17 2 0
github.com/Futturi/vktest/internal/service/actor_service.go:56.17,58.4 1 0
github.com/Futturi/vktest/internal/service/actor_service.go:59.3,60.18 2 0
github.com/Futturi/vktest/internal/service/actor_service.go:62.2,62.38 1 0
github.com/Futturi/vktest/internal/service/actor_service.go:65.54,67.2 1 0
github.com/Futturi/vktest/internal/service/auth_service.go:22.66,24.2 1 0
github.com/Futturi/vktest/internal/service/auth_service.go:26.62,29.2 2 0
github.com/Futturi/vktest/internal/service/auth_service.go:37.65,40.16 3 0
github.com/Futturi/vktest/internal/service/auth_service.go:40.16,42.3 1 0
github.com/Futturi/vktest/internal/service/auth_service.go:43.2,49.43 3 0
github.com/Futturi/vktest/internal/service/auth_service.go:52.72,53.99 1 0
github.com/Futturi/vktest/internal/service/auth_service.go:53.99,54.58 1 0
github.com/Futturi/vktest/internal/service/auth_service.go:54.58,56.4 1 0
github.com/Futturi/vktest/internal/service/auth_service.go:57.3,57.29 1 0
github.com/Futturi/vktest/internal/service/auth_service.go:59.2,59.16 1 0
github.com/Futturi/vktest/internal/service/auth_service.go:59.16,61.3 1 0
github.com/Futturi/vktest/internal/service/auth_service.go:62.2,63.9 2 0
github.com/Futturi/vktest/internal/service/auth_service.go:63.9,65.3 1 0
github.com/Futturi/vktest/internal/service/auth_service.go:66.2,66.58 1 0
github.com/Futturi/vktest/internal/service/auth_service.go:69.69,72.2 2 0
github.com/Futturi/vktest/internal/service/auth_service.go:74.72,77.16 3 0
github.com/Futturi/vktest/internal/service/auth_service.go:77.16,79.3 1 0
github.com/Futturi/vktest/internal/service/auth_service.go:80.2,86.43 3 0
github.com/Futturi/vktest/internal/service/cinema_service.go:18.67,20.2 1 0
github.com/Futturi/vktest/internal/service/cinema_service.go:22.74,23.23 1 0
github.com/Futturi/vktest/internal/service/cinema_service.go:23.23,25.17 2 0
github.com/Futturi/vktest/internal/service/cinema_service.go:25.17,27.4 1 0
github.com/Futturi/vktest/internal/service/cinema_service.go:28.3,28.47 1 0
github.com/Futturi/vktest/internal/service/cinema_service.go:30.2,30.23 1 0
github.com/Futturi/vktest/internal/service/cinema_service.go:30.23,32.3 1 0
github.com/Futturi/vktest/internal/service/cinema_service.go:33.2,33.28 1 0
github.com/Futturi/vktest/internal/service/cinema_service.go:33.28,35.3 1 0
github.com/Futturi/vktest/internal/service/cinema_service.go:36.2,36.36 1 0
github.com/Futturi/vktest/internal/service/cinema_service.go:36.36,38.3 1 0
github.com/Futturi/vktest/internal/service/cinema_service.go:39.2,39.45 1 0
github.com/Futturi/vktest/internal/service/cinema_service.go:39.45,41.3 1 0
github.com/Futturi/vktest/internal/service/cinema_service.go:42.2,42.36 1 0
github.com/Futturi/vktest/internal/service/cinema_service.go:45.82,46.24 1 0
github.com/Futturi/vktest/internal/service/cinema_service.go:46.24,48.17 2 0
github.com/Futturi/vktest/internal/service/cinema_service.go:48.17,50.4 1 0
github.com/Futturi/vktest/internal/service/cinema_service.go:51.3,52.19 2 0
github.com/Futturi/vktest/internal/service/cinema_service.go:54.2,54.24 1 0
github.com/Futturi/vktest/internal/service/cinema_service.go:54.24,57.3 2 0
github.com/Futturi/vktest/internal/service/cinema_service.go:58.2,58.29 1 0
github.com/Futturi/vktest/internal/service/cinema_service.go:58.29,60.3 1 0
github.com/Futturi/vktest/internal/service/cinema_service.go:61.2,61.37 1 0
github.com/Futturi/vktest/internal/service/cinema_service.go:61.37,63.3 1 0
github.com/Futturi/vktest/internal/service/cinema_service.go:64.2,64.47 1 0
github.com/Futturi/vktest/internal/service/cinema_service.go:64.47,66.3 1 0
github.com/Futturi/vktest/internal/service/cinema_service.go:67.2,67.38 1 0
github.com/Futturi/vktest/internal/service/cinema_service.go:70.54,72.2 1 0
github.com/Futturi/vktest/internal/service/cinema_service.go:74.74,77.16 3 0
github.com/Futturi/vktest/internal/service/cinema_service.go:77.16,79.3 1 0
github.com/Futturi/vktest/internal/service/cinema_service.go:80.2,80.21 1 0
github.com/Futturi/vktest/internal/service/cinema_service.go:80.21,81.57 1 0
github.com/Futturi/vktest/internal/service/cinema_service.go:81.57,82.31 1 0
github.com/Futturi/vktest/internal/service/cinema_service.go:83.14,84.14 1 0
github.com/Futturi/vktest/internal/service/cinema_service.go:85.15,86.13 1 0
github.com/Futturi/vktest/internal/service/cinema_service.go:87.12,88.13 1 0
github.com/Futturi/vktest/internal/service/cinema_service.go:92.2,92.19 1 0
github.com/Futturi/vktest/internal/service/cinema_service.go:92.19,93.57 1 0
github.com/Futturi/vktest/internal/service/cinema_service.go:93.57,94.27 1 0
github.com/Futturi/vktest/internal/service/cinema_service.go:95.14,96.14 1 0
github.com/Futturi/vktest/internal/service/cinema_service.go:97.15,98.13 1 0
github.com/Futturi/vktest/internal/service/cinema_service.go:99.12,100.13 1 0
github.com/Futturi/vktest/internal/service/cinema_service.go:104.2,104.19 1 0
github.com/Futturi/vktest/internal/service/cinema_service.go:104.19,105.57 1 0
github.com/Futturi/vktest/internal/service/cinema_service.go:105.57,107.18 2 0
github.com/Futturi/vktest/internal/service/cinema_service.go:107.18,109.5 1 0
github.com/Futturi/vktest/internal/service/cinema_service.go:110.4,111.18 2 0
github.com/Futturi/vktest/internal/service/cinema_service.go:111.18,113.5 1 0
github.com/Futturi/vktest/internal/service/cinema_service.go:114.4,114.25 1 0
github.com/Futturi/vktest/internal/service/cinema_service.go:115.14,116.14 1 0
github.com/Futturi/vktest/internal/service/cinema_service.go:117.15,118.13 1 0
github.com/Futturi/vktest/internal/service/cinema_service.go:119.12,120.13 1 0
github.com/Futturi/vktest/internal/service/cinema_service.go:124.2,124.30 1 0
github.com/Futturi/vktest/internal/service/cinema_service.go:124.30,127.17 3 0
github.com/Futturi/vktest/internal/service/cinema_service.go:127.17,129.4 1 0
github.com/Futturi/vktest/internal/service/cinema_service.go:130.3,139.5 3 0
github.com/Futturi/vktest/internal/service/cinema_service.go:141.2,141.20 1 0
github.com/Futturi/vktest/internal/service/cinema_service.go:144.80,147.16 3 0
github.com/Futturi/vktest/internal/service/cinema_service.go:147.16,149.3 1 0
github.com/Futturi/vktest/internal/service/cinema_service.go:150.2,150.31 1 0
github.com/Futturi/vktest/internal/service/cinema_service.go:150.31,152.3 1 0
github.com/Futturi/vktest/internal/service/cinema_service.go:153.2,153.31 1 0
github.com/Futturi/vktest/internal/service/cinema_service.go:153.31,155.3 1 0
github.com/Futturi/vktest/internal/service/cinema_service.go:156.2,156.33 1 0
github.com/Futturi/vktest/internal/service/service.go:38.55,42.2 1 0
github.com/Futturi/vktest/internal/utils/utils.go:12.39,16.2 3 0
github.com/Futturi/vktest/internal/repository/actor_repository.go:15.44,17.2 1 0
github.com/Futturi/vktest/internal/repository/actor_repository.go:19.64,23.52 4 0
github.com/Futturi/vktest/internal/repository/actor_repository.go:23.52,25.3 1 0
github.com/Futturi/vktest/internal/repository/actor_repository.go:26.2,26.29 1 0
github.com/Futturi/vktest/internal/repository/actor_repository.go:26.29,29.63 3 0
github.com/Futturi/vktest/internal/repository/actor_repository.go:29.63,31.4 1 0
github.com/Futturi/vktest/internal/repository/actor_repository.go:32.3,38.5 1 0
github.com/Futturi/vktest/internal/repository/actor_repository.go:41.2,41.20 1 0
github.com/Futturi/vktest/internal/repository/actor_repository.go:44.67,48.38 4 0
github.com/Futturi/vktest/internal/repository/actor_repository.go:48.38,50.3 1 0
github.com/Futturi/vktest/internal/repository/actor_repository.go:51.2,51.16 1 0
github.com/Futturi/vktest/internal/repository/actor_repository.go:54.74,58.24 4 0
github.com/Futturi/vktest/internal/repository/actor_repository.go:58.24,62.3 3 0
github.com/Futturi/vktest/internal/repository/actor_repository.go:63.2,63.23 1 0
github.com/Futturi/vktest/internal/repository/actor_repository.go:63.23,67.3 3 0
github.com/Futturi/vktest/internal/repository/actor_repository.go:68.2,68.23 1 0
github.com/Futturi/vktest/internal/repository/actor_repository.go:68.23,72.3 3 0
github.com/Futturi/vktest/internal/repository/actor_repository.go:73.2,77.16 5 0
github.com/Futturi/vktest/internal/repository/actor_repository.go:77.16,79.3 1 0
github.com/Futturi/vktest/internal/repository/actor_repository.go:80.2,80.12 1 0
github.com/Futturi/vktest/internal/repository/actor_repository.go:83.66,87.38 4 0
github.com/Futturi/vktest/internal/repository/actor_repository.go:87.38,89.3 1 0
github.com/Futturi/vktest/internal/repository/actor_repository.go:90.2,90.16 1 0
github.com/Futturi/vktest/internal/repository/actor_repository.go:93.51,97.16 4 0
github.com/Futturi/vktest/internal/repository/actor_repository.go:97.16,99.3 1 0
github.com/Futturi/vktest/internal/repository/actor_repository.go:100.2,101.16 2 0
github.com/Futturi/vktest/internal/repository/actor_repository.go:101.16,103.3 1 0
github.com/Futturi/vktest/internal/repository/actor_repository.go:104.2,104.12 1 0
github.com/Futturi/vktest/internal/repository/auth_postgres.go:14.42,16.2 1 0
github.com/Futturi/vktest/internal/repository/auth_postgres.go:18.59,22.38 4 0
github.com/Futturi/vktest/internal/repository/auth_postgres.go:22.38,24.3 1 0
github.com/Futturi/vktest/internal/repository/auth_postgres.go:25.2,25.16 1 0
github.com/Futturi/vktest/internal/repository/auth_postgres.go:28.59,32.38 4 0
github.com/Futturi/vktest/internal/repository/auth_postgres.go:32.38,34.3 1 0
github.com/Futturi/vktest/internal/repository/auth_postgres.go:35.2,35.16 1 0
github.com/Futturi/vktest/internal/repository/auth_postgres.go:38.66,42.38 4 0
github.com/Futturi/vktest/internal/repository/auth_postgres.go:42.38,44.3 1 0
github.com/Futturi/vktest/internal/repository/auth_postgres.go:45.2,45.16 1 0
github.com/Futturi/vktest/internal/repository/auth_postgres.go:48.66,52.38 4 0
github.com/Futturi/vktest/internal/repository/auth_postgres.go:52.38,54.3 1 0
github.com/Futturi/vktest/internal/repository/auth_postgres.go:55.2,55.16 1 0
github.com/Futturi/vktest/internal/repository/cinema_repository.go:15.46,17.2 1 0
github.com/Futturi/vktest/internal/repository/cinema_repository.go:19.71,23.38 4 0
github.com/Futturi/vktest/internal/repository/cinema_repository.go:23.38,25.3 1 0
github.com/Futturi/vktest/internal/repository/cinema_repository.go:26.2,26.36 1 0
github.com/Futturi/vktest/internal/repository/cinema_repository.go:26.36,29.17 3 0
github.com/Futturi/vktest/internal/repository/cinema_repository.go:29.17,31.4 1 0
github.com/Futturi/vktest/internal/repository/cinema_repository.go:32.3,34.17 3 0
github.com/Futturi/vktest/internal/repository/cinema_repository.go:34.17,36.4 1 0
github.com/Futturi/vktest/internal/repository/cinema_repository.go:38.2,38.16 1 0
github.com/Futturi/vktest/internal/repository/cinema_repository.go:41.66,45.38 4 0
github.com/Futturi/vktest/internal/repository/cinema_repository.go:45.38,47.3 1 0
github.com/Futturi/vktest/internal/repository/cinema_repository.go:48.2,48.16 1 0
github.com/Futturi/vktest/internal/repository/cinema_repository.go:51.79,56.23 5 0
github.com/Futturi/vktest/internal/repository/cinema_repository.go:56.23,60.3 3 0
github.com/Futturi/vktest/internal/repository/cinema_repository.go:61.2,61.24 1 0
github.com/Futturi/vktest/internal/repository/cinema_repository.go:61.24,65.3 3 0
github.com/Futturi/vktest/internal/repository/cinema_repository.go:66.2,66.31 1 0
github.com/Futturi/vktest/internal/repository/cinema_repository.go:66.31,70.3 3 0
github.com/Futturi/vktest/internal/repository/cinema_repository.go:71.2,71.26 1 0
github.com/Futturi/vktest/internal/repository/cinema_repository.go:71.26,75.3 3 0
github.com/Futturi/vktest/internal/repository/cinema_repository.go:76.2,80.16 5 0
github.com/Futturi/vktest/internal/repository/cinema_repository.go:80.16,82.3 1 0
github.com/Futturi/vktest/internal/repository/cinema_repository.go:83.2,83.26 1 0
github.com/Futturi/vktest/internal/repository/cinema_repository.go:83.26,84.38 1 0
github.com/Futturi/vktest/internal/repository/cinema_repository.go:84.38,86.18 2 0
github.com/Futturi/vktest/internal/repository/cinema_repository.go:86.18,88.5 1 0
github.com/Futturi/vktest/internal/repository/cinema_repository.go:89.4,91.18 3 0
github.com/Futturi/vktest/internal/repository/cinema_repository.go:91.18,93.5 1 0
github.com/Futturi/vktest/internal/repository/cinema_repository.go:96.2,96.12 1 0
github.com/Futturi/vktest/internal/repository/cinema_repository.go:100.51,104.16 4 0
github.com/Futturi/vktest/internal/repository/cinema_repository.go:104.16,106.3 1 0
github.com/Futturi/vktest/internal/repository/cinema_repository.go:107.2,108.16 2 0
github.com/Futturi/vktest/internal/repository/cinema_repository.go:108.16,110.3 1 0
github.com/Futturi/vktest/internal/repository/cinema_repository.go:111.2,111.12 1 0
github.com/Futturi/vktest/internal/repository/cinema_repository.go:114.71,118.53 4 0
github.com/Futturi/vktest/internal/repository/cinema_repository.go:118.53,120.3 1 0
github.com/Futturi/vktest/internal/repository/cinema_repository.go:121.2,121.30 1 0
github.com/Futturi/vktest/internal/repository/cinema_repository.go:121.30,125.53 4 0
github.com/Futturi/vktest/internal/repository/cinema_repository.go:125.53,127.4 1 0
github.com/Futturi/vktest/internal/repository/cinema_repository.go:128.3,135.5 1 0
github.com/Futturi/vktest/internal/repository/cinema_repository.go:137.2,137.20 1 0
github.com/Futturi/vktest/internal/repository/cinema_repository.go:140.94,148.55 6 0
github.com/Futturi/vktest/internal/repository/cinema_repository.go:148.55,150.3 1 0
github.com/Futturi/vktest/internal/repository/cinema_repository.go:151.2,151.55 1 0
github.com/Futturi/vktest/internal/repository/cinema_repository.go:151.55,153.3 1 0
github.com/Futturi/vktest/internal/repository/cinema_repository.go:154.2,154.32 1 0
github.com/Futturi/vktest/internal/repository/cinema_repository.go:158.81,161.24 3 0
github.com/Futturi/vktest/internal/repository/cinema_repository.go:161.24,164.55 3 0
github.com/Futturi/vktest/internal/repository/cinema_repository.go:164.55,166.4 1 0
github.com/Futturi/vktest/internal/repository/cinema_repository.go:167.3,167.34 1 0
github.com/Futturi/vktest/internal/repository/cinema_repository.go:169.2,169.29 1 0
github.com/Futturi/vktest/internal/repository/cinema_repository.go:169.29,172.60 3 0
github.com/Futturi/vktest/internal/repository/cinema_repository.go:172.60,174.4 1 0
github.com/Futturi/vktest/internal/repository/cinema_repository.go:175.3,182.5 1 0
github.com/Futturi/vktest/internal/repository/cinema_repository.go:185.2,185.21 1 0
github.com/Futturi/vktest/internal/repository/repository.go:22.46,26.2 1 0
github.com/Futturi/vktest/internal/server/server.go:13.70,21.2 2 0
github.com/Futturi/vktest/internal/server/server.go:23.54,25.2 1 0
github.com/Futturi/vktest/pkg/migr.go:11.32,15.16 2 0
github.com/Futturi/vktest/pkg/migr.go:15.16,17.3 1 0
github.com/Futturi/vktest/pkg/migr.go:18.2,18.15 1 0
github.com/Futturi/vktest/pkg/newdb.go:18.50,21.16 2 0
github.com/Futturi/vktest/pkg/newdb.go:21.16,23.3 1 0
github.com/Futturi/vktest/pkg/newdb.go:24.2,24.18 1 0
github.com/Futturi/vktest/pkg/newdb.go:27.34,29.2 1 0
github.com/Futturi/vktest/internal/service/mocks/mock.go:26.67,30.2 3 0
github.com/Futturi/vktest/internal/service/mocks/mock.go:33.65,35.2 1 0
github.com/Futturi/vktest/internal/service/mocks/mock.go:38.74,45.2 6 0
github.com/Futturi/vktest/internal/service/mocks/mock.go:48.83,51.2 2 0
github.com/Futturi/vktest/internal/service/mocks/mock.go:54.68,60.2 5 0
github.com/Futturi/vktest/internal/service/mocks/mock.go:63.78,66.2 2 0
github.com/Futturi/vktest/internal/service/mocks/mock.go:69.75,75.2 5 0
github.com/Futturi/vktest/internal/service/mocks/mock.go:78.84,81.2 2 0
github.com/Futturi/vktest/internal/service/mocks/mock.go:84.65,90.2 5 0
github.com/Futturi/vktest/internal/service/mocks/mock.go:93.78,96.2 2 0
github.com/Futturi/vktest/internal/service/mocks/mock.go:99.72,105.2 5 0
github.com/Futturi/vktest/internal/service/mocks/mock.go:108.84,111.2 2 0
github.com/Futturi/vktest/internal/service/mocks/mock.go:125.69,129.2 3 0
github.com/Futturi/vktest/internal/service/mocks/mock.go:132.67,134.2 1 0
github.com/Futturi/vktest/internal/service/mocks/mock.go:137.57,142.2 4 0
github.com/Futturi/vktest/internal/service/mocks/mock.go:145.82,148.2 2 0
github.com/Futturi/vktest/internal/service/mocks/mock.go:151.70,157.2 5 0
github.com/Futturi/vktest/internal/service/mocks/mock.go:160.66,163.2 2 0
github.com/Futturi/vktest/internal/service/mocks/mock.go:166.73,172.2 5 0
github.com/Futturi/vktest/internal/service/mocks/mock.go:175.85,178.2 2 0
github.com/Futturi/vktest/internal/service/mocks/mock.go:181.80,186.2 4 0
github.com/Futturi/vktest/internal/service/mocks/mock.go:189.89,192.2 2 0
github.com/Futturi/vktest/internal/service/mocks/mock.go:206.71,210.2 3 0
github.com/Futturi/vktest/internal/service/mocks/mock.go:213.69,215.2 1 0
github.com/Futturi/vktest/internal/service/mocks/mock.go:218.57,223.2 4 0
github.com/Futturi/vktest/internal/service/mocks/mock.go:226.82,229.2 2 0
github.com/Futturi/vktest/internal/service/mocks/mock.go:232.77,238.2 5 0
github.com/Futturi/vktest/internal/service/mocks/mock.go:241.83,244.2 2 0
github.com/Futturi/vktest/internal/service/mocks/mock.go:247.77,253.2 5 0
github.com/Futturi/vktest/internal/service/mocks/mock.go:256.88,259.2 2 0
github.com/Futturi/vktest/internal/service/mocks/mock.go:262.83,268.2 5 0
github.com/Futturi/vktest/internal/service/mocks/mock.go:271.82,274.2 2 0
github.com/Futturi/vktest/internal/service/mocks/mock.go:277.85,282.2 4 0
github.com/Futturi/vktest/internal/service/mocks/mock.go:285.90,288.2 2 0
github.com/Futturi/vktest/docs/docs.go:534.13,536.2 1 1
github.com/Futturi/vktest/internal/errs/error.go:9.31,13.2 3 1
github.com/Futturi/vktest/internal/handler/actors.go:22.67,23.23 1 1
github.com/Futturi/vktest/internal/handler/actors.go:23.23,25.17 2 1
github.com/Futturi/vktest/internal/handler/actors.go:25.17,29.4 3 0
github.com/Futturi/vktest/internal/handler/actors.go:30.3,31.17 2 1
github.com/Futturi/vktest/internal/handler/actors.go:31.17,35.4 3 0
github.com/Futturi/vktest/internal/handler/actors.go:36.3,36.15 1 1
github.com/Futturi/vktest/internal/handler/actors.go:38.2,38.24 1 1
github.com/Futturi/vktest/internal/handler/actors.go:38.24,40.3 1 0
github.com/Futturi/vktest/internal/handler/actors.go:41.2,41.23 1 1
github.com/Futturi/vktest/internal/handler/actors.go:41.23,43.3 1 0
github.com/Futturi/vktest/internal/handler/actors.go:44.2,44.26 1 1
github.com/Futturi/vktest/internal/handler/actors.go:44.26,46.3 1 0
github.com/Futturi/vktest/internal/handler/actors.go:59.69,60.25 1 1
github.com/Futturi/vktest/internal/handler/actors.go:60.25,63.3 2 1
github.com/Futturi/vktest/internal/handler/actors.go:63.8,67.17 3 1
github.com/Futturi/vktest/internal/handler/actors.go:67.17,71.4 3 0
github.com/Futturi/vktest/internal/handler/actors.go:72.3,75.17 3 1
github.com/Futturi/vktest/internal/handler/actors.go:75.17,79.4 3 0
github.com/Futturi/vktest/internal/handler/actors.go:80.3,82.17 3 1
github.com/Futturi/vktest/internal/handler/actors.go:82.17,86.4 3 0
github.com/Futturi/vktest/internal/handler/actors.go:87.3,87.16 1 1
github.com/Futturi/vktest/internal/handler/actors.go:101.69,102.25 1 1
github.com/Futturi/vktest/internal/handler/actors.go:102.25,105.3 2 1
github.com/Futturi/vktest/internal/handler/actors.go:105.8,111.17 4 1
github.com/Futturi/vktest/internal/handler/actors.go:111.17,115.4 3 0
github.com/Futturi/vktest/internal/handler/actors.go:117.3,118.17 2 1
github.com/Futturi/vktest/internal/handler/actors.go:118.17,122.4 3 0
github.com/Futturi/vktest/internal/handler/actors.go:124.3,125.17 2 1
github.com/Futturi/vktest/internal/handler/actors.go:125.17,129.4 3 0
github.com/Futturi/vktest/internal/handler/actors.go:131.3,132.17 2 1
github.com/Futturi/vktest/internal/handler/actors.go:132.17,136.4 3 0
github.com/Futturi/vktest/internal/handler/actors.go:137.3,138.17 2 1
github.com/Futturi/vktest/internal/handler/actors.go:138.17,142.4 3 0
github.com/Futturi/vktest/internal/handler/actors.go:143.3,143.16 1 1
github.com/Futturi/vktest/internal/handler/actors.go:158.69,159.26 1 1
github.com/Futturi/vktest/internal/handler/actors.go:159.26,160.26 1 1
github.com/Futturi/vktest/internal/handler/actors.go:160.26,163.4 2 1
github.com/Futturi/vktest/internal/handler/actors.go:163.9,166.18 3 1
github.com/Futturi/vktest/internal/handler/actors.go:166.18,170.5 3 0
github.com/Futturi/vktest/internal/handler/actors.go:171.4,172.18 2 1
github.com/Futturi/vktest/internal/handler/actors.go:172.18,176.5 3 0
github.com/Futturi/vktest/internal/handler/actors.go:177.4,177.17 1 1
github.com/Futturi/vktest/internal/handler/auth.go:24.64,25.24 1 1
github.com/Futturi/vktest/internal/handler/auth.go:25.24,28.3 2 0
github.com/Futturi/vktest/internal/handler/auth.go:29.2,32.16 4 1
github.com/Futturi/vktest/internal/handler/auth.go:32.16,36.3 3 0
github.com/Futturi/vktest/internal/handler/auth.go:37.2,38.16 2 1
github.com/Futturi/vktest/internal/handler/auth.go:38.16,42.3 3 0
github.com/Futturi/vktest/internal/handler/auth.go:43.2,43.48 1 1
github.com/Futturi/vktest/internal/handler/auth.go:43.48,47.3 3 1
github.com/Futturi/vktest/internal/handler/auth.go:48.2,49.16 2 1
github.com/Futturi/vktest/internal/handler/auth.go:49.16,53.3 3 0
github.com/Futturi/vktest/internal/handler/auth.go:54.2,56.16 3 1
github.com/Futturi/vktest/internal/handler/auth.go:56.16,59.3 2 0
github.com/Futturi/vktest/internal/handler/auth.go:60.2,61.58 2 1
github.com/Futturi/vktest/internal/handler/auth.go:74.64,75.24 1 1
github.com/Futturi/vktest/internal/handler/auth.go:75.24,78.3 2 0
github.com/Futturi/vktest/internal/handler/auth.go:79.2,81.16 3 1
github.com/Futturi/vktest/internal/handler/auth.go:81.16,85.3 3 0
github.com/Futturi/vktest/internal/handler/auth.go:86.2,87.16 2 1
github.com/Futturi/vktest/internal/handler/auth.go:87.16,91.3 3 1
github.com/Futturi/vktest/internal/handler/auth.go:93.2,93.48 1 1
github.com/Futturi/vktest/internal/handler/auth.go:93.48,97.3 3 0
github.com/Futturi/vktest/internal/handler/auth.go:99.2,100.16 2 1
github.com/Futturi/vktest/internal/handler/auth.go:100.16,104.3 3 1
github.com/Futturi/vktest/internal/handler/auth.go:105.2,105.16 1 1
github.com/Futturi/vktest/internal/handler/auth.go:105.16,109.3 3 0
github.com/Futturi/vktest/internal/handler/auth.go:110.2,112.16 3 1
github.com/Futturi/vktest/internal/handler/auth.go:112.16,115.3 2 0
github.com/Futturi/vktest/internal/handler/auth.go:116.2,117.70 2 1
github.com/Futturi/vktest/internal/handler/auth.go:130.69,131.24 1 1
github.com/Futturi/vktest/internal/handler/auth.go:131.24,134.3 2 0
github.com/Futturi/vktest/internal/handler/auth.go:135.2,137.16 3 1
github.com/Futturi/vktest/internal/handler/auth.go:137.16,141.3 3 0
github.com/Futturi/vktest/internal/handler/auth.go:142.2,143.16 2 1
github.com/Futturi/vktest/internal/handler/auth.go:143.16,147.3 3 0
github.com/Futturi/vktest/internal/handler/auth.go:148.2,148.50 1 1
github.com/Futturi/vktest/internal/handler/auth.go:148.50,152.3 3 1
github.com/Futturi/vktest/internal/handler/auth.go:153.2,154.16 2 1
github.com/Futturi/vktest/internal/handler/auth.go:154.16,158.3 3 0
github.com/Futturi/vktest/internal/handler/auth.go:159.2,161.16 3 1
github.com/Futturi/vktest/internal/handler/auth.go:161.16,164.3 2 0
github.com/Futturi/vktest/internal/handler/auth.go:165.2,166.58 2 1
github.com/Futturi/vktest/internal/handler/auth.go:179.69,180.24 1 1
github.com/Futturi/vktest/internal/handler/auth.go:180.24,183.3 2 0
github.com/Futturi/vktest/internal/handler/auth.go:184.2,186.16 3 1
github.com/Futturi/vktest/internal/handler/auth.go:186.16,190.3 3 0
github.com/Futturi/vktest/internal/handler/auth.go:191.2,192.16 2 1
github.com/Futturi/vktest/internal/handler/auth.go:192.16,196.3 3 1
github.com/Futturi/vktest/internal/handler/auth.go:198.2,198.50 1 1
github.com/Futturi/vktest/internal/handler/auth.go:198.50,202.3 3 0
github.com/Futturi/vktest/internal/handler/auth.go:204.2,205.16 2 1
github.com/Futturi/vktest/internal/handler/auth.go:205.16,209.3 3 1
github.com/Futturi/vktest/internal/handler/auth.go:210.2,210.16 1 1
github.com/Futturi/vktest/internal/handler/auth.go:210.16,213.17 3 0
github.com/Futturi/vktest/internal/handler/auth.go:213.17,216.4 2 0
github.com/Futturi/vktest/internal/handler/auth.go:217.3,217.15 1 0
github.com/Futturi/vktest/internal/handler/auth.go:219.2,221.16 3 1
github.com/Futturi/vktest/internal/handler/auth.go:221.16,224.3 2 0
github.com/Futturi/vktest/internal/handler/auth.go:225.2,226.71 2 1
github.com/Futturi/vktest/internal/handler/cinema.go:22.68,23.24 1 1
github.com/Futturi/vktest/internal/handler/cinema.go:23.24,24.26 1 1
github.com/Futturi/vktest/internal/handler/cinema.go:24.26,27.4 2 1
github.com/Futturi/vktest/internal/handler/cinema.go:27.9,29.18 2 1
github.com/Futturi/vktest/internal/handler/cinema.go:29.18,33.5 3 0
github.com/Futturi/vktest/internal/handler/cinema.go:34.4,36.18 3 1
github.com/Futturi/vktest/internal/handler/cinema.go:36.18,40.5 3 1
github.com/Futturi/vktest/internal/handler/cinema.go:41.4,43.18 3 1
github.com/Futturi/vktest/internal/handler/cinema.go:43.18,47.5 3 0
github.com/Futturi/vktest/internal/handler/cinema.go:48.4,49.18 2 1
github.com/Futturi/vktest/internal/handler/cinema.go:49.18,53.5 3 0
github.com/Futturi/vktest/internal/handler/cinema.go:54.4,54.17 1 1
github.com/Futturi/vktest/internal/handler/cinema.go:57.2,57.23 1 1
github.com/Futturi/vktest/internal/handler/cinema.go:57.23,59.3 1 0
github.com/Futturi/vktest/internal/handler/cinema.go:60.2,60.26 1 1
github.com/Futturi/vktest/internal/handler/cinema.go:60.26,62.3 1 0
github.com/Futturi/vktest/internal/handler/cinema.go:63.2,63.23 1 1
github.com/Futturi/vktest/internal/handler/cinema.go:63.23,65.3 1 0
github.com/Futturi/vktest/internal/handler/cinema.go:78.68,79.25 1 1
github.com/Futturi/vktest/internal/handler/cinema.go:79.25,82.3 2 1
github.com/Futturi/vktest/internal/handler/cinema.go:82.8,86.17 3 1
github.com/Futturi/vktest/internal/handler/cinema.go:86.17,90.4 3 0
github.com/Futturi/vktest/internal/handler/cinema.go:91.3,92.17 2 1
github.com/Futturi/vktest/internal/handler/cinema.go:92.17,96.4 3 1
github.com/Futturi/vktest/internal/handler/cinema.go:98.3,100.17 3 1
github.com/Futturi/vktest/internal/handler/cinema.go:100.17,104.4 3 0
github.com/Futturi/vktest/internal/handler/cinema.go:105.3,106.17 2 1
github.com/Futturi/vktest/internal/handler/cinema.go:106.17,110.4 3 0
github.com/Futturi/vktest/internal/handler/cinema.go:111.3,111.16 1 1
github.com/Futturi/vktest/internal/handler/cinema.go:124.68,125.25 1 1
github.com/Futturi/vktest/internal/handler/cinema.go:125.25,128.3 2 1
github.com/Futturi/vktest/internal/handler/cinema.go:128.8,131.17 3 1
github.com/Futturi/vktest/internal/handler/cinema.go:131.17,135.4 3 0
github.com/Futturi/vktest/internal/handler/cinema.go:136.3,137.17 2 1
github.com/Futturi/vktest/internal/handler/cinema.go:137.17,141.4 3 0
github.com/Futturi/vktest/internal/handler/cinema.go:142.3,142.15 1 1
github.com/Futturi/vktest/internal/handler/cinema.go:155.66,157.9 2 1
github.com/Futturi/vktest/internal/handler/cinema.go:158.75,159.17 1 1
github.com/Futturi/vktest/internal/handler/cinema.go:160.43,161.15 1 0
github.com/Futturi/vktest/internal/handler/cinema.go:162.43,163.15 1 0
github.com/Futturi/vktest/internal/handler/cinema.go:164.10,165.17 1 0
github.com/Futturi/vktest/internal/handler/cinema.go:168.2,169.16 2 1
github.com/Futturi/vktest/internal/handler/cinema.go:169.16,173.3 3 0
github.com/Futturi/vktest/internal/handler/cinema.go:174.2,176.16 3 1
github.com/Futturi/vktest/internal/handler/cinema.go:176.16,180.3 3 0
github.com/Futturi/vktest/internal/handler/cinema.go:181.2,181.14 1 1
github.com/Futturi/vktest/internal/handler/cinema.go:194.64,195.24 1 1
github.com/Futturi/vktest/internal/handler/cinema.go:195.24,198.17 3 1
github.com/Futturi/vktest/internal/handler/cinema.go:198.17,201.4 2 0
github.com/Futturi/vktest/internal/handler/cinema.go:202.3,203.17 2 1
github.com/Futturi/vktest/internal/handler/cinema.go:203.17,206.4 2 0
github.com/Futturi/vktest/internal/handler/cinema.go:207.3,208.17 2 1
github.com/Futturi/vktest/internal/handler/cinema.go:208.17,211.4 2 0
github.com/Futturi/vktest/internal/handler/cinema.go:212.3,213.17 2 1
github.com/Futturi/vktest/internal/handler/cinema.go:213.17,216.4 2 0
github.com/Futturi/vktest/internal/handler/cinema.go:217.3,217.16 1 1
github.com/Futturi/vktest/internal/handler/handler.go:15.48,17.2 1 1
github.com/Futturi/vktest/internal/handler/handler.go:19.39,31.2 11 0
github.com/Futturi/vktest/internal/handler/middleware.go:17.63,18.71 1 0
github.com/Futturi/vktest/internal/handler/middleware.go:18.71,20.17 2 0
github.com/Futturi/vktest/internal/handler/middleware.go:20.17,23.4 2 0
github.com/Futturi/vktest/internal/handler/middleware.go:24.3,25.28 2 0
github.com/Futturi/vktest/internal/handler/middleware.go:25.28,28.4 2 0
github.com/Futturi/vktest/internal/handler/middleware.go:30.3,31.16 2 0
github.com/Futturi/vktest/internal/handler/middleware.go:31.16,34.4 2 0
github.com/Futturi/vktest/internal/handler/middleware.go:35.3,36.14 2 0
github.com/Futturi/vktest/internal/handler/middleware.go:36.14,38.4 1 0
github.com/Futturi/vktest/internal/handler/middleware.go:38.9,40.4 1 0
github.com/Futturi/vktest/internal/handler/middleware.go:41.3,45.23 5 0
github.com/Futturi/vktest/internal/handler/middleware.go:49.53,52.2 2 1
github.com/Futturi/vktest/internal/repository/actor_repository.go:15.44,17.2 1 0
github.com/Futturi/vktest/internal/repository/actor_repository.go:19.64,23.52 4 0
github.com/Futturi/vktest/internal/repository/actor_repository.go:23.52,25.3 1 0
github.com/Futturi/vktest/internal/repository/actor_repository.go:26.2,26.29 1 0
github.com/Futturi/vktest/internal/repository/actor_repository.go:26.29,29.63 3 0
github.com/Futturi/vktest/internal/repository/actor_repository.go:29.63,31.4 1 0
github.com/Futturi/vktest/internal/repository/actor_repository.go:32.3,38.5 1 0
github.com/Futturi/vktest/internal/repository/actor_repository.go:41.2,41.20 1 0
github.com/Futturi/vktest/internal/repository/actor_repository.go:44.67,48.38 4 0
github.com/Futturi/vktest/internal/repository/actor_repository.go:48.38,50.3 1 0
github.com/Futturi/vktest/internal/repository/actor_repository.go:51.2,51.16 1 0
github.com/Futturi/vktest/internal/repository/actor_repository.go:54.74,58.24 4 0
github.com/Futturi/vktest/internal/repository/actor_repository.go:58.24,62.3 3 0
github.com/Futturi/vktest/internal/repository/actor_repository.go:63.2,63.23 1 0
github.com/Futturi/vktest/internal/repository/actor_repository.go:63.23,67.3 3 0
github.com/Futturi/vktest/internal/repository/actor_repository.go:68.2,68.23 1 0
github.com/Futturi/vktest/internal/repository/actor_repository.go:68.23,72.3 3 0
github.com/Futturi/vktest/internal/repository/actor_repository.go:73.2,77.16 5 0
github.com/Futturi/vktest/internal/repository/actor_repository.go:77.16,79.3 1 0
github.com/Futturi/vktest/internal/repository/actor_repository.go:80.2,80.12 1 0
github.com/Futturi/vktest/internal/repository/actor_repository.go:83.66,87.38 4 0
github.com/Futturi/vktest/internal/repository/actor_repository.go:87.38,89.3 1 0
github.com/Futturi/vktest/internal/repository/actor_repository.go:90.2,90.16 1 0
github.com/Futturi/vktest/internal/repository/actor_repository.go:93.51,97.16 4 0
github.com/Futturi/vktest/internal/repository/actor_repository.go:97.16,99.3 1 0
github.com/Futturi/vktest/internal/repository/actor_repository.go:100.2,101.16 2 0
github.com/Futturi/vktest/internal/repository/actor_repository.go:101.16,103.3 1 0
github.com/Futturi/vktest/internal/repository/actor_repository.go:104.2,104.12 1 0
github.com/Futturi/vktest/internal/repository/auth_postgres.go:14.42,16.2 1 0
github.com/Futturi/vktest/internal/repository/auth_postgres.go:18.59,22.38 4 0
github.com/Futturi/vktest/internal/repository/auth_postgres.go:22.38,24.3 1 0
github.com/Futturi/vktest/internal/repository/auth_postgres.go:25.2,25.16 1 0
github.com/Futturi/vktest/internal/repository/auth_postgres.go:28.59,32.38 4 0
github.com/Futturi/vktest/internal/repository/auth_postgres.go:32.38,34.3 1 0
github.com/Futturi/vktest/internal/repository/auth_postgres.go:35.2,35.16 1 0
github.com/Futturi/vktest/internal/repository/auth_postgres.go:38.66,42.38 4 0
github.com/Futturi/vktest/internal/repository/auth_postgres.go:42.38,44.3 1 0
github.com/Futturi/vktest/internal/repository/auth_postgres.go:45.2,45.16 1 0
github.com/Futturi/vktest/internal/repository/auth_postgres.go:48.66,52.38 4 0
github.com/Futturi/vktest/internal/repository/auth_postgres.go:52.38,54.3 1 0
github.com/Futturi/vktest/internal/repository/auth_postgres.go:55.2,55.16 1 0
github.com/Futturi/vktest/internal/repository/cinema_repository.go:15.46,17.2 1 0
github.com/Futturi/vktest/internal/repository/cinema_repository.go:19.71,23.38 4 0
github.com/Futturi/vktest/internal/repository/cinema_repository.go:23.38,25.3 1 0
github.com/Futturi/vktest/internal/repository/cinema_repository.go:26.2,26.36 1 0
github.com/Futturi/vktest/internal/repository/cinema_repository.go:26.36,29.17 3 0
github.com/Futturi/vktest/internal/repository/cinema_repository.go:29.17,31.4 1 0
github.com/Futturi/vktest/internal/repository/cinema_repository.go:32.3,34.17 3 0
github.com/Futturi/vktest/internal/repository/cinema_repository.go:34.17,36.4 1 0
github.com/Futturi/vktest/internal/repository/cinema_repository.go:38.2,38.16 1 0
github.com/Futturi/vktest/internal/repository/cinema_repository.go:41.66,45.38 4 0
github.com/Futturi/vktest/internal/repository/cinema_repository.go:45.38,47.3 1 0
github.com/Futturi/vktest/internal/repository/cinema_repository.go:48.2,48.16 1 0
github.com/Futturi/vktest/internal/repository/cinema_repository.go:51.79,56.23 5 0
github.com/Futturi/vktest/internal/repository/cinema_repository.go:56.23,60.3 3 0
github.com/Futturi/vktest/internal/repository/cinema_repository.go:61.2,61.24 1 0
github.com/Futturi/vktest/internal/repository/cinema_repository.go:61.24,65.3 3 0
github.com/Futturi/vktest/internal/repository/cinema_repository.go:66.2,66.31 1 0
github.com/Futturi/vktest/internal/repository/cinema_repository.go:66.31,70.3 3 0
github.com/Futturi/vktest/internal/repository/cinema_repository.go:71.2,71.26 1 0
github.com/Futturi/vktest/internal/repository/cinema_repository.go:71.26,75.3 3 0
github.com/Futturi/vktest/internal/repository/cinema_repository.go:76.2,80.16 5 0
github.com/Futturi/vktest/internal/repository/cinema_repository.go:80.16,82.3 1 0
github.com/Futturi/vktest/internal/repository/cinema_repository.go:83.2,83.26 1 0
github.com/Futturi/vktest/internal/repository/cinema_repository.go:83.26,84.38 1 0
github.com/Futturi/vktest/internal/repository/cinema_repository.go:84.38,86.18 2 0
github.com/Futturi/vktest/internal/repository/cinema_repository.go:86.18,88.5 1 0
github.com/Futturi/vktest/internal/repository/cinema_repository.go:89.4,91.18 3 0
github.com/Futturi/vktest/internal/repository/cinema_repository.go:91.18,93.5 1 0
github.com/Futturi/vktest/internal/repository/cinema_repository.go:96.2,96.12 1 0
github.com/Futturi/vktest/internal/repository/cinema_repository.go:100.51,104.16 4 0
github.com/Futturi/vktest/internal/repository/cinema_repository.go:104.16,106.3 1 0
github.com/Futturi/vktest/internal/repository/cinema_repository.go:107.2,108.16 2 0
github.com/Futturi/vktest/internal/repository/cinema_repository.go:108.16,110.3 1 0
github.com/Futturi/vktest/internal/repository/cinema_repository.go:111.2,111.12 1 0
github.com/Futturi/vktest/internal/repository/cinema_repository.go:114.71,118.53 4 0
github.com/Futturi/vktest/internal/repository/cinema_repository.go:118.53,120.3 1 0
github.com/Futturi/vktest/internal/repository/cinema_repository.go:121.2,121.30 1 0
github.com/Futturi/vktest/internal/repository/cinema_repository.go:121.30,125.53 4 0
github.com/Futturi/vktest/internal/repository/cinema_repository.go:125.53,127.4 1 0
github.com/Futturi/vktest/internal/repository/cinema_repository.go:128.3,135.5 1 0
github.com/Futturi/vktest/internal/repository/cinema_repository.go:137.2,137.20 1 0
github.com/Futturi/vktest/internal/repository/cinema_repository.go:140.94,148.55 6 0
github.com/Futturi/vktest/internal/repository/cinema_repository.go:148.55,150.3 1 0
github.com/Futturi/vktest/internal/repository/cinema_repository.go:151.2,151.55 1 0
github.com/Futturi/vktest/internal/repository/cinema_repository.go:151.55,153.3 1 0
github.com/Futturi/vktest/internal/repository/cinema_repository.go:154.2,154.32 1 0
github.com/Futturi/vktest/internal/repository/cinema_repository.go:158.81,161.24 3 0
github.com/Futturi/vktest/internal/repository/cinema_repository.go:161.24,164.55 3 0
github.com/Futturi/vktest/internal/repository/cinema_repository.go:164.55,166.4 1 0
github.com/Futturi/vktest/internal/repository/cinema_repository.go:167.3,167.34 1 0
github.com/Futturi/vktest/internal/repository/cinema_repository.go:169.2,169.29 1 0
github.com/Futturi/vktest/internal/repository/cinema_repository.go:169.29,172.60 3 0
github.com/Futturi/vktest/internal/repository/cinema_repository.go:172.60,174.4 1 0
github.com/Futturi/vktest/internal/repository/cinema_repository.go:175.3,182.5 1 0
github.com/Futturi/vktest/internal/repository/cinema_repository.go:185.2,185.21 1 0
github.com/Futturi/vktest/internal/repository/repository.go:22.46,26.2 1 0
github.com/Futturi/vktest/internal/service/actor_service.go:16.64,18.2 1 0
github.com/Futturi/vktest/internal/service/actor_service.go:20.67,23.16 3 0
github.com/Futturi/vktest/internal/service/actor_service.go:23.16,25.3 1 0
github.com/Futturi/vktest/internal/service/actor_service.go:26.2,26.29 1 0
github.com/Futturi/vktest/internal/service/actor_service.go:26.29,29.17 3 0
github.com/Futturi/vktest/internal/service/actor_service.go:29.17,31.4 1 0
github.com/Futturi/vktest/internal/service/actor_service.go:32.3,40.5 3 0
github.com/Futturi/vktest/internal/service/actor_service.go:42.2,42.20 1 0
github.com/Futturi/vktest/internal/service/actor_service.go:44.70,46.16 2 0
github.com/Futturi/vktest/internal/service/actor_service.go:46.16,48.3 1 0
github.com/Futturi/vktest/internal/service/actor_service.go:49.2,50.34 2 0
github.com/Futturi/vktest/internal/service/actor_service.go:53.77,54.23 1 0
github.com/Futturi/vktest/internal/service/actor_service.go:54.23,56.17 2 0
github.com/Futturi/vktest/internal/service/actor_service.go:56.17,58.4 1 0
github.com/Futturi/vktest/internal/service/actor_service.go:59.3,60.18 2 0
github.com/Futturi/vktest/internal/service/actor_service.go:62.2,62.38 1 0
github.com/Futturi/vktest/internal/service/actor_service.go:65.54,67.2 1 0
github.com/Futturi/vktest/internal/service/auth_service.go:22.66,24.2 1 0
github.com/Futturi/vktest/internal/service/auth_service.go:26.62,29.2 2 0
github.com/Futturi/vktest/internal/service/auth_service.go:37.65,40.16 3 0
github.com/Futturi/vktest/internal/service/auth_service.go:40.16,42.3 1 0
github.com/Futturi/vktest/internal/service/auth_service.go:43.2,49.43 3 0
github.com/Futturi/vktest/internal/service/auth_service.go:52.72,53.99 1 0
github.com/Futturi/vktest/internal/service/auth_service.go:53.99,54.58 1 0
github.com/Futturi/vktest/internal/service/auth_service.go:54.58,56.4 1 0
github.com/Futturi/vktest/internal/service/auth_service.go:57.3,57.29 1 0
github.com/Futturi/vktest/internal/service/auth_service.go:59.2,59.16 1 0
github.com/Futturi/vktest/internal/service/auth_service.go:59.16,61.3 1 0
github.com/Futturi/vktest/internal/service/auth_service.go:62.2,63.9 2 0
github.com/Futturi/vktest/internal/service/auth_service.go:63.9,65.3 1 0
github.com/Futturi/vktest/internal/service/auth_service.go:66.2,66.58 1 0
github.com/Futturi/vktest/internal/service/auth_service.go:69.69,72.2 2 0
github.com/Futturi/vktest/internal/service/auth_service.go:74.72,77.16 3 0
github.com/Futturi/vktest/internal/service/auth_service.go:77.16,79.3 1 0
github.com/Futturi/vktest/internal/service/auth_service.go:80.2,86.43 3 0
github.com/Futturi/vktest/internal/service/cinema_service.go:18.67,20.2 1 0
github.com/Futturi/vktest/internal/service/cinema_service.go:22.74,23.23 1 0
github.com/Futturi/vktest/internal/service/cinema_service.go:23.23,25.17 2 0
github.com/Futturi/vktest/internal/service/cinema_service.go:25.17,27.4 1 0
github.com/Futturi/vktest/internal/service/cinema_service.go:28.3,28.47 1 0
github.com/Futturi/vktest/internal/service/cinema_service.go:30.2,30.23 1 0
github.com/Futturi/vktest/internal/service/cinema_service.go:30.23,32.3 1 0
github.com/Futturi/vktest/internal/service/cinema_service.go:33.2,33.28 1 0
github.com/Futturi/vktest/internal/service/cinema_service.go:33.28,35.3 1 0
github.com/Futturi/vktest/internal/service/cinema_service.go:36.2,36.36 1 0
github.com/Futturi/vktest/internal/service/cinema_service.go:36.36,38.3 1 0
github.com/Futturi/vktest/internal/service/cinema_service.go:39.2,39.45 1 0
github.com/Futturi/vktest/internal/service/cinema_service.go:39.45,41.3 1 0
github.com/Futturi/vktest/internal/service/cinema_service.go:42.2,42.36 1 0
github.com/Futturi/vktest/internal/service/cinema_service.go:45.82,46.24 1 0
github.com/Futturi/vktest/internal/service/cinema_service.go:46.24,48.17 2 0
github.com/Futturi/vktest/internal/service/cinema_service.go:48.17,50.4 1 0
github.com/Futturi/vktest/internal/service/cinema_service.go:51.3,52.19 2 0
github.com/Futturi/vktest/internal/service/cinema_service.go:54.2,54.24 1 0
github.com/Futturi/vktest/internal/service/cinema_service.go:54.24,57.3 2 0
github.com/Futturi/vktest/internal/service/cinema_service.go:58.2,58.29 1 0
github.com/Futturi/vktest/internal/service/cinema_service.go:58.29,60.3 1 0
github.com/Futturi/vktest/internal/service/cinema_service.go:61.2,61.37 1 0
github.com/Futturi/vktest/internal/service/cinema_service.go:61.37,63.3 1 0
github.com/Futturi/vktest/internal/service/cinema_service.go:64.2,64.47 1 0
github.com/Futturi/vktest/internal/service/cinema_service.go:64.47,66.3 1 0
github.com/Futturi/vktest/internal/service/cinema_service.go:67.2,67.38 1 0
github.com/Futturi/vktest/internal/service/cinema_service.go:70.54,72.2 1 0
github.com/Futturi/vktest/internal/service/cinema_service.go:74.74,77.16 3 0
github.com/Futturi/vktest/internal/service/cinema_service.go:77.16,79.3 1 0
github.com/Futturi/vktest/internal/service/cinema_service.go:80.2,80.21 1 0
github.com/Futturi/vktest/internal/service/cinema_service.go:80.21,81.57 1 0
github.com/Futturi/vktest/internal/service/cinema_service.go:81.57,82.31 1 0
github.com/Futturi/vktest/internal/service/cinema_service.go:83.14,84.14 1 0
github.com/Futturi/vktest/internal/service/cinema_service.go:85.15,86.13 1 0
github.com/Futturi/vktest/internal/service/cinema_service.go:87.12,88.13 1 0
github.com/Futturi/vktest/internal/service/cinema_service.go:92.2,92.19 1 0
github.com/Futturi/vktest/internal/service/cinema_service.go:92.19,93.57 1 0
github.com/Futturi/vktest/internal/service/cinema_service.go:93.57,94.27 1 0
github.com/Futturi/vktest/internal/service/cinema_service.go:95.14,96.14 1 0
github.com/Futturi/vktest/internal/service/cinema_service.go:97.15,98.13 1 0
github.com/Futturi/vktest/internal/service/cinema_service.go:99.12,100.13 1 0
github.com/Futturi/vktest/internal/service/cinema_service.go:104.2,104.19 1 0
github.com/Futturi/vktest/internal/service/cinema_service.go:104.19,105.57 1 0
github.com/Futturi/vktest/internal/service/cinema_service.go:105.57,107.18 2 0
github.com/Futturi/vktest/internal/service/cinema_service.go:107.18,109.5 1 0
github.com/Futturi/vktest/internal/service/cinema_service.go:110.4,111.18 2 0
github.com/Futturi/vktest/internal/service/cinema_service.go:111.18,113.5 1 0
github.com/Futturi/vktest/internal/service/cinema_service.go:114.4,114.25 1 0
github.com/Futturi/vktest/internal/service/cinema_service.go:115.14,116.14 1 0
github.com/Futturi/vktest/internal/service/cinema_service.go:117.15,118.13 1 0
github.com/Futturi/vktest/internal/service/cinema_service.go:119.12,120.13 1 0
github.com/Futturi/vktest/internal/service/cinema_service.go:124.2,124.30 1 0
github.com/Futturi/vktest/internal/service/cinema_service.go:124.30,127.17 3 0
github.com/Futturi/vktest/internal/service/cinema_service.go:127.17,129.4 1 0
github.com/Futturi/vktest/internal/service/cinema_service.go:130.3,139.5 3 0
github.com/Futturi/vktest/internal/service/cinema_service.go:141.2,141.20 1 0
github.com/Futturi/vktest/internal/service/cinema_service.go:144.80,147.16 3 0
github.com/Futturi/vktest/internal/service/cinema_service.go:147.16,149.3 1 0
github.com/Futturi/vktest/internal/service/cinema_service.go:150.2,150.31 1 0
github.com/Futturi/vktest/internal/service/cinema_service.go:150.31,152.3 1 0
github.com/Futturi/vktest/internal/service/cinema_service.go:153.2,153.31 1 0
github.com/Futturi/vktest/internal/service/cinema_service.go:153.31,155.3 1 0
github.com/Futturi/vktest/internal/service/cinema_service.go:156.2,156.33 1 0
github.com/Futturi/vktest/internal/service/service.go:38.55,42.2 1 0
github.com/Futturi/vktest/internal/service/mocks/mock.go:26.67,30.2 3 1
github.com/Futturi/vktest/internal/service/mocks/mock.go:33.65,35.2 1 1
github.com/Futturi/vktest/internal/service/mocks/mock.go:38.74,45.2 6 0
github.com/Futturi/vktest/internal/service/mocks/mock.go:48.83,51.2 2 0
github.com/Futturi/vktest/internal/service/mocks/mock.go:54.68,60.2 5 1
github.com/Futturi/vktest/internal/service/mocks/mock.go:63.78,66.2 2 1
github.com/Futturi/vktest/internal/service/mocks/mock.go:69.75,75.2 5 1
github.com/Futturi/vktest/internal/service/mocks/mock.go:78.84,81.2 2 1
github.com/Futturi/vktest/internal/service/mocks/mock.go:84.65,90.2 5 1
github.com/Futturi/vktest/internal/service/mocks/mock.go:93.78,96.2 2 1
github.com/Futturi/vktest/internal/service/mocks/mock.go:99.72,105.2 5 1
github.com/Futturi/vktest/internal/service/mocks/mock.go:108.84,111.2 2 1
github.com/Futturi/vktest/internal/service/mocks/mock.go:125.69,129.2 3 1
github.com/Futturi/vktest/internal/service/mocks/mock.go:132.67,134.2 1 1
github.com/Futturi/vktest/internal/service/mocks/mock.go:137.57,142.2 4 1
github.com/Futturi/vktest/internal/service/mocks/mock.go:145.82,148.2 2 1
github.com/Futturi/vktest/internal/service/mocks/mock.go:151.70,157.2 5 1
github.com/Futturi/vktest/internal/service/mocks/mock.go:160.66,163.2 2 1
github.com/Futturi/vktest/internal/service/mocks/mock.go:166.73,172.2 5 1
github.com/Futturi/vktest/internal/service/mocks/mock.go:175.85,178.2 2 1
github.com/Futturi/vktest/internal/service/mocks/mock.go:181.80,186.2 4 1
github.com/Futturi/vktest/internal/service/mocks/mock.go:189.89,192.2 2 1
github.com/Futturi/vktest/internal/service/mocks/mock.go:206.71,210.2 3 1
github.com/Futturi/vktest/internal/service/mocks/mock.go:213.69,215.2 1 1
github.com/Futturi/vktest/internal/service/mocks/mock.go:218.57,223.2 4 1
github.com/Futturi/vktest/internal/service/mocks/mock.go:226.82,229.2 2 1
github.com/Futturi/vktest/internal/service/mocks/mock.go:232.77,238.2 5 1
github.com/Futturi/vktest/internal/service/mocks/mock.go:241.83,244.2 2 1
github.com/Futturi/vktest/internal/service/mocks/mock.go:247.77,253.2 5 1
github.com/Futturi/vktest/internal/service/mocks/mock.go:256.88,259.2 2 1
github.com/Futturi/vktest/internal/service/mocks/mock.go:262.83,268.2 5 1
github.com/Futturi/vktest/internal/service/mocks/mock.go:271.82,274.2 2 1
github.com/Futturi/vktest/internal/service/mocks/mock.go:277.85,282.2 4 1
github.com/Futturi/vktest/internal/service/mocks/mock.go:285.90,288.2 2 1
github.com/Futturi/vktest/internal/utils/utils.go:12.39,16.2 3 0
