mode: set
github.com/Futturi/vktest/docs/docs.go:540.13,542.2 1 0
github.com/Futturi/vktest/cmd/main.go:28.13,32.16 4 0
github.com/Futturi/vktest/cmd/main.go:32.16,34.3 1 0
github.com/Futturi/vktest/cmd/main.go:35.2,45.16 3 0
github.com/Futturi/vktest/cmd/main.go:45.16,47.3 1 0
github.com/Futturi/vktest/cmd/main.go:49.2,53.12 5 0
github.com/Futturi/vktest/cmd/main.go:53.12,54.81 1 0
github.com/Futturi/vktest/cmd/main.go:54.81,56.4 1 0
github.com/Futturi/vktest/cmd/main.go:58.2,59.63 2 0
github.com/Futturi/vktest/cmd/main.go:59.63,61.3 1 0
github.com/Futturi/vktest/cmd/main.go:62.2,67.61 5 0
github.com/Futturi/vktest/cmd/main.go:67.61,70.3 2 0
github.com/Futturi/vktest/cmd/main.go:71.2,71.40 1 0
github.com/Futturi/vktest/cmd/main.go:71.40,74.3 2 0
github.com/Futturi/vktest/cmd/main.go:76.25,80.2 3 0
github.com/Futturi/vktest/internal/errs/error.go:9.31,13.2 3 1
github.com/Futturi/vktest/internal/service/mocks/mock.go:26.67,30.2 3 0
github.com/Futturi/vktest/internal/service/mocks/mock.go:33.65,35.2 1 0
github.com/Futturi/vktest/internal/service/mocks/mock.go:38.74,45.2 6 0
github.com/Futturi/vktest/internal/service/mocks/mock.go:48.83,51.2 2 0
github.com/Futturi/vktest/internal/service/mocks/mock.go:54.68,60.2 5 0
github.com/Futturi/vktest/internal/service/mocks/mock.go:63.78,66.2 2 0
github.com/Futturi/vktest/internal/service/mocks/mock.go:69.75,75.2 5 0
github.com/Futturi/vktest/internal/service/mocks/mock.go:78.84,81.2 2 0
github.com/Futturi/vktest/internal/service/mocks/mock.go:84.65,90.2 5 0
github.com/Futturi/vktest/internal/service/mocks/mock.go:93.78,96.2 2 0
github.com/Futturi/vktest/internal/service/mocks/mock.go:99.72,105.2 5 0
github.com/Futturi/vktest/internal/service/mocks/mock.go:108.84,111.2 2 0
github.com/Futturi/vktest/internal/service/mocks/mock.go:125.69,129.2 3 0
github.com/Futturi/vktest/internal/service/mocks/mock.go:132.67,134.2 1 0
github.com/Futturi/vktest/internal/service/mocks/mock.go:137.57,142.2 4 0
github.com/Futturi/vktest/internal/service/mocks/mock.go:145.82,148.2 2 0
github.com/Futturi/vktest/internal/service/mocks/mock.go:151.70,157.2 5 0
github.com/Futturi/vktest/internal/service/mocks/mock.go:160.66,163.2 2 0
github.com/Futturi/vktest/internal/service/mocks/mock.go:166.73,172.2 5 0
github.com/Futturi/vktest/internal/service/mocks/mock.go:175.85,178.2 2 0
github.com/Futturi/vktest/internal/service/mocks/mock.go:181.80,186.2 4 0
github.com/Futturi/vktest/internal/service/mocks/mock.go:189.89,192.2 2 0
github.com/Futturi/vktest/internal/service/mocks/mock.go:206.71,210.2 3 0
github.com/Futturi/vktest/internal/service/mocks/mock.go:213.69,215.2 1 0
github.com/Futturi/vktest/internal/service/mocks/mock.go:218.57,223.2 4 0
github.com/Futturi/vktest/internal/service/mocks/mock.go:226.82,229.2 2 0
github.com/Futturi/vktest/internal/service/mocks/mock.go:232.77,238.2 5 0
github.com/Futturi/vktest/internal/service/mocks/mock.go:241.83,244.2 2 0
github.com/Futturi/vktest/internal/service/mocks/mock.go:247.77,253.2 5 0
github.com/Futturi/vktest/internal/service/mocks/mock.go:256.88,259.2 2 0
github.com/Futturi/vktest/internal/service/mocks/mock.go:262.83,268.2 5 0
github.com/Futturi/vktest/internal/service/mocks/mock.go:271.82,274.2 2 0
github.com/Futturi/vktest/internal/service/mocks/mock.go:277.85,282.2 4 0
github.com/Futturi/vktest/internal/service/mocks/mock.go:285.90,288.2 2 0
github.com/Futturi/vktest/internal/utils/utils.go:12.39,16.2 3 1
github.com/Futturi/vktest/internal/server/server.go:13.70,21.2 2 0
github.com/Futturi/vktest/internal/server/server.go:23.54,25.2 1 0
github.com/Futturi/vktest/internal/repository/mocksr/mockr.go:26.71,30.2 3 0
github.com/Futturi/vktest/internal/repository/mocksr/mockr.go:33.69,35.2 1 0
github.com/Futturi/vktest/internal/repository/mocksr/mockr.go:38.67,44.2 5 0
github.com/Futturi/vktest/internal/repository/mocksr/mockr.go:47.80,50.2 2 0
github.com/Futturi/vktest/internal/repository/mocksr/mockr.go:53.74,59.2 5 0
github.com/Futturi/vktest/internal/repository/mocksr/mockr.go:62.86,65.2 2 0
github.com/Futturi/vktest/internal/repository/mocksr/mockr.go:68.67,74.2 5 0
github.com/Futturi/vktest/internal/repository/mocksr/mockr.go:77.80,80.2 2 0
github.com/Futturi/vktest/internal/repository/mocksr/mockr.go:83.74,89.2 5 0
github.com/Futturi/vktest/internal/repository/mocksr/mockr.go:92.86,95.2 2 0
github.com/Futturi/vktest/internal/repository/mocksr/mockr.go:109.63,113.2 3 0
github.com/Futturi/vktest/internal/repository/mocksr/mockr.go:116.61,118.2 1 0
github.com/Futturi/vktest/internal/repository/mocksr/mockr.go:121.54,126.2 4 0
github.com/Futturi/vktest/internal/repository/mocksr/mockr.go:129.79,132.2 2 0
github.com/Futturi/vktest/internal/repository/mocksr/mockr.go:135.67,141.2 5 0
github.com/Futturi/vktest/internal/repository/mocksr/mockr.go:144.63,147.2 2 0
github.com/Futturi/vktest/internal/repository/mocksr/mockr.go:150.70,156.2 5 0
github.com/Futturi/vktest/internal/repository/mocksr/mockr.go:159.82,162.2 2 0
github.com/Futturi/vktest/internal/repository/mocksr/mockr.go:165.77,170.2 4 0
github.com/Futturi/vktest/internal/repository/mocksr/mockr.go:173.86,176.2 2 0
github.com/Futturi/vktest/internal/repository/mocksr/mockr.go:190.65,194.2 3 0
github.com/Futturi/vktest/internal/repository/mocksr/mockr.go:197.63,199.2 1 0
github.com/Futturi/vktest/internal/repository/mocksr/mockr.go:202.54,207.2 4 0
github.com/Futturi/vktest/internal/repository/mocksr/mockr.go:210.79,213.2 2 0
github.com/Futturi/vktest/internal/repository/mocksr/mockr.go:216.74,222.2 5 0
github.com/Futturi/vktest/internal/repository/mocksr/mockr.go:225.80,228.2 2 0
github.com/Futturi/vktest/internal/repository/mocksr/mockr.go:231.74,237.2 5 0
github.com/Futturi/vktest/internal/repository/mocksr/mockr.go:240.85,243.2 2 0
github.com/Futturi/vktest/internal/repository/mocksr/mockr.go:246.97,253.2 6 0
github.com/Futturi/vktest/internal/repository/mocksr/mockr.go:256.79,259.2 2 0
github.com/Futturi/vktest/internal/repository/mocksr/mockr.go:262.84,268.2 5 0
github.com/Futturi/vktest/internal/repository/mocksr/mockr.go:271.82,274.2 2 0
github.com/Futturi/vktest/internal/repository/mocksr/mockr.go:277.82,282.2 4 0
github.com/Futturi/vktest/internal/repository/mocksr/mockr.go:285.87,288.2 2 0
github.com/Futturi/vktest/internal/repository/actor_repository.go:15.44,17.2 1 1
github.com/Futturi/vktest/internal/repository/actor_repository.go:19.64,23.52 4 1
github.com/Futturi/vktest/internal/repository/actor_repository.go:23.52,25.3 1 0
github.com/Futturi/vktest/internal/repository/actor_repository.go:26.2,26.29 1 1
github.com/Futturi/vktest/internal/repository/actor_repository.go:26.29,29.63 3 1
github.com/Futturi/vktest/internal/repository/actor_repository.go:29.63,31.4 1 1
github.com/Futturi/vktest/internal/repository/actor_repository.go:32.3,32.126 1 0
github.com/Futturi/vktest/internal/repository/actor_repository.go:35.2,35.20 1 0
github.com/Futturi/vktest/internal/repository/actor_repository.go:38.67,42.38 4 1
github.com/Futturi/vktest/internal/repository/actor_repository.go:42.38,44.3 1 1
github.com/Futturi/vktest/internal/repository/actor_repository.go:45.2,45.16 1 1
github.com/Futturi/vktest/internal/repository/actor_repository.go:48.74,52.24 4 0
github.com/Futturi/vktest/internal/repository/actor_repository.go:52.24,56.3 3 0
github.com/Futturi/vktest/internal/repository/actor_repository.go:57.2,57.23 1 0
github.com/Futturi/vktest/internal/repository/actor_repository.go:57.23,61.3 3 0
github.com/Futturi/vktest/internal/repository/actor_repository.go:62.2,62.23 1 0
github.com/Futturi/vktest/internal/repository/actor_repository.go:62.23,66.3 3 0
github.com/Futturi/vktest/internal/repository/actor_repository.go:67.2,71.16 5 0
github.com/Futturi/vktest/internal/repository/actor_repository.go:71.16,73.3 1 0
github.com/Futturi/vktest/internal/repository/actor_repository.go:74.2,74.12 1 0
github.com/Futturi/vktest/internal/repository/actor_repository.go:77.66,81.38 4 1
github.com/Futturi/vktest/internal/repository/actor_repository.go:81.38,83.3 1 1
github.com/Futturi/vktest/internal/repository/actor_repository.go:84.2,84.16 1 1
github.com/Futturi/vktest/internal/repository/actor_repository.go:87.51,91.16 4 1
github.com/Futturi/vktest/internal/repository/actor_repository.go:91.16,93.3 1 1
github.com/Futturi/vktest/internal/repository/actor_repository.go:94.2,95.16 2 1
github.com/Futturi/vktest/internal/repository/actor_repository.go:95.16,97.3 1 1
github.com/Futturi/vktest/internal/repository/actor_repository.go:98.2,98.12 1 0
github.com/Futturi/vktest/internal/repository/auth_postgres.go:14.42,16.2 1 1
github.com/Futturi/vktest/internal/repository/auth_postgres.go:18.59,22.38 4 1
github.com/Futturi/vktest/internal/repository/auth_postgres.go:22.38,24.3 1 1
github.com/Futturi/vktest/internal/repository/auth_postgres.go:25.2,25.16 1 0
github.com/Futturi/vktest/internal/repository/auth_postgres.go:28.59,32.38 4 1
github.com/Futturi/vktest/internal/repository/auth_postgres.go:32.38,34.3 1 1
github.com/Futturi/vktest/internal/repository/auth_postgres.go:35.2,35.16 1 1
github.com/Futturi/vktest/internal/repository/auth_postgres.go:38.66,42.38 4 1
github.com/Futturi/vktest/internal/repository/auth_postgres.go:42.38,44.3 1 1
github.com/Futturi/vktest/internal/repository/auth_postgres.go:45.2,45.16 1 0
github.com/Futturi/vktest/internal/repository/auth_postgres.go:48.66,52.38 4 1
github.com/Futturi/vktest/internal/repository/auth_postgres.go:52.38,54.3 1 1
github.com/Futturi/vktest/internal/repository/auth_postgres.go:55.2,55.16 1 1
github.com/Futturi/vktest/internal/repository/cinema_repository.go:15.46,17.2 1 1
github.com/Futturi/vktest/internal/repository/cinema_repository.go:19.71,23.38 4 1
github.com/Futturi/vktest/internal/repository/cinema_repository.go:23.38,25.3 1 1
github.com/Futturi/vktest/internal/repository/cinema_repository.go:26.2,26.36 1 1
github.com/Futturi/vktest/internal/repository/cinema_repository.go:26.36,29.17 3 0
github.com/Futturi/vktest/internal/repository/cinema_repository.go:29.17,31.4 1 0
github.com/Futturi/vktest/internal/repository/cinema_repository.go:32.3,34.17 3 0
github.com/Futturi/vktest/internal/repository/cinema_repository.go:34.17,36.4 1 0
github.com/Futturi/vktest/internal/repository/cinema_repository.go:38.2,38.16 1 1
github.com/Futturi/vktest/internal/repository/cinema_repository.go:41.66,45.38 4 1
github.com/Futturi/vktest/internal/repository/cinema_repository.go:45.38,47.3 1 1
github.com/Futturi/vktest/internal/repository/cinema_repository.go:48.2,48.16 1 1
github.com/Futturi/vktest/internal/repository/cinema_repository.go:51.79,56.23 5 0
github.com/Futturi/vktest/internal/repository/cinema_repository.go:56.23,60.3 3 0
github.com/Futturi/vktest/internal/repository/cinema_repository.go:61.2,61.24 1 0
github.com/Futturi/vktest/internal/repository/cinema_repository.go:61.24,65.3 3 0
github.com/Futturi/vktest/internal/repository/cinema_repository.go:66.2,66.31 1 0
github.com/Futturi/vktest/internal/repository/cinema_repository.go:66.31,70.3 3 0
github.com/Futturi/vktest/internal/repository/cinema_repository.go:71.2,71.26 1 0
github.com/Futturi/vktest/internal/repository/cinema_repository.go:71.26,75.3 3 0
github.com/Futturi/vktest/internal/repository/cinema_repository.go:76.2,80.16 5 0
github.com/Futturi/vktest/internal/repository/cinema_repository.go:80.16,82.3 1 0
github.com/Futturi/vktest/internal/repository/cinema_repository.go:83.2,83.26 1 0
github.com/Futturi/vktest/internal/repository/cinema_repository.go:83.26,84.38 1 0
github.com/Futturi/vktest/internal/repository/cinema_repository.go:84.38,86.18 2 0
github.com/Futturi/vktest/internal/repository/cinema_repository.go:86.18,88.5 1 0
github.com/Futturi/vktest/internal/repository/cinema_repository.go:89.4,91.18 3 0
github.com/Futturi/vktest/internal/repository/cinema_repository.go:91.18,93.5 1 0
github.com/Futturi/vktest/internal/repository/cinema_repository.go:96.2,96.12 1 0
github.com/Futturi/vktest/internal/repository/cinema_repository.go:100.51,104.16 4 1
github.com/Futturi/vktest/internal/repository/cinema_repository.go:104.16,106.3 1 1
github.com/Futturi/vktest/internal/repository/cinema_repository.go:107.2,108.16 2 1
github.com/Futturi/vktest/internal/repository/cinema_repository.go:108.16,110.3 1 0
github.com/Futturi/vktest/internal/repository/cinema_repository.go:111.2,111.12 1 1
github.com/Futturi/vktest/internal/repository/cinema_repository.go:114.71,118.53 4 1
github.com/Futturi/vktest/internal/repository/cinema_repository.go:118.53,120.3 1 0
github.com/Futturi/vktest/internal/repository/cinema_repository.go:121.2,121.30 1 1
github.com/Futturi/vktest/internal/repository/cinema_repository.go:121.30,125.53 4 1
github.com/Futturi/vktest/internal/repository/cinema_repository.go:125.53,127.4 1 1
github.com/Futturi/vktest/internal/repository/cinema_repository.go:128.3,135.5 1 0
github.com/Futturi/vktest/internal/repository/cinema_repository.go:137.2,137.20 1 0
github.com/Futturi/vktest/internal/repository/cinema_repository.go:140.94,148.55 6 0
github.com/Futturi/vktest/internal/repository/cinema_repository.go:148.55,150.3 1 0
github.com/Futturi/vktest/internal/repository/cinema_repository.go:151.2,151.55 1 0
github.com/Futturi/vktest/internal/repository/cinema_repository.go:151.55,153.3 1 0
github.com/Futturi/vktest/internal/repository/cinema_repository.go:154.2,154.32 1 0
github.com/Futturi/vktest/internal/repository/cinema_repository.go:158.81,161.24 3 0
github.com/Futturi/vktest/internal/repository/cinema_repository.go:161.24,164.55 3 0
github.com/Futturi/vktest/internal/repository/cinema_repository.go:164.55,166.4 1 0
github.com/Futturi/vktest/internal/repository/cinema_repository.go:167.3,167.34 1 0
github.com/Futturi/vktest/internal/repository/cinema_repository.go:169.2,169.29 1 0
github.com/Futturi/vktest/internal/repository/cinema_repository.go:169.29,172.60 3 0
github.com/Futturi/vktest/internal/repository/cinema_repository.go:172.60,174.4 1 0
github.com/Futturi/vktest/internal/repository/cinema_repository.go:175.3,182.5 1 0
github.com/Futturi/vktest/internal/repository/cinema_repository.go:185.2,185.21 1 0
github.com/Futturi/vktest/internal/repository/repository.go:46.46,50.2 1 1
github.com/Futturi/vktest/internal/repository/mocksr/mockr.go:26.71,30.2 3 1
github.com/Futturi/vktest/internal/repository/mocksr/mockr.go:33.69,35.2 1 0
github.com/Futturi/vktest/internal/repository/mocksr/mockr.go:38.67,44.2 5 0
github.com/Futturi/vktest/internal/repository/mocksr/mockr.go:47.80,50.2 2 0
github.com/Futturi/vktest/internal/repository/mocksr/mockr.go:53.74,59.2 5 0
github.com/Futturi/vktest/internal/repository/mocksr/mockr.go:62.86,65.2 2 0
github.com/Futturi/vktest/internal/repository/mocksr/mockr.go:68.67,74.2 5 0
github.com/Futturi/vktest/internal/repository/mocksr/mockr.go:77.80,80.2 2 0
github.com/Futturi/vktest/internal/repository/mocksr/mockr.go:83.74,89.2 5 0
github.com/Futturi/vktest/internal/repository/mocksr/mockr.go:92.86,95.2 2 0
github.com/Futturi/vktest/internal/repository/mocksr/mockr.go:109.63,113.2 3 1
github.com/Futturi/vktest/internal/repository/mocksr/mockr.go:116.61,118.2 1 1
github.com/Futturi/vktest/internal/repository/mocksr/mockr.go:121.54,126.2 4 1
github.com/Futturi/vktest/internal/repository/mocksr/mockr.go:129.79,132.2 2 1
github.com/Futturi/vktest/internal/repository/mocksr/mockr.go:135.67,141.2 5 1
github.com/Futturi/vktest/internal/repository/mocksr/mockr.go:144.63,147.2 2 1
github.com/Futturi/vktest/internal/repository/mocksr/mockr.go:150.70,156.2 5 1
github.com/Futturi/vktest/internal/repository/mocksr/mockr.go:159.82,162.2 2 1
github.com/Futturi/vktest/internal/repository/mocksr/mockr.go:165.77,170.2 4 1
github.com/Futturi/vktest/internal/repository/mocksr/mockr.go:173.86,176.2 2 1
github.com/Futturi/vktest/internal/repository/mocksr/mockr.go:190.65,194.2 3 1
github.com/Futturi/vktest/internal/repository/mocksr/mockr.go:197.63,199.2 1 1
github.com/Futturi/vktest/internal/repository/mocksr/mockr.go:202.54,207.2 4 1
github.com/Futturi/vktest/internal/repository/mocksr/mockr.go:210.79,213.2 2 1
github.com/Futturi/vktest/internal/repository/mocksr/mockr.go:216.74,222.2 5 1
github.com/Futturi/vktest/internal/repository/mocksr/mockr.go:225.80,228.2 2 1
github.com/Futturi/vktest/internal/repository/mocksr/mockr.go:231.74,237.2 5 1
github.com/Futturi/vktest/internal/repository/mocksr/mockr.go:240.85,243.2 2 1
github.com/Futturi/vktest/internal/repository/mocksr/mockr.go:246.97,253.2 6 0
github.com/Futturi/vktest/internal/repository/mocksr/mockr.go:256.79,259.2 2 0
github.com/Futturi/vktest/internal/repository/mocksr/mockr.go:262.84,268.2 5 0
github.com/Futturi/vktest/internal/repository/mocksr/mockr.go:271.82,274.2 2 0
github.com/Futturi/vktest/internal/repository/mocksr/mockr.go:277.82,282.2 4 1
github.com/Futturi/vktest/internal/repository/mocksr/mockr.go:285.87,288.2 2 1
github.com/Futturi/vktest/internal/service/actor_service.go:16.64,18.2 1 1
github.com/Futturi/vktest/internal/service/actor_service.go:20.67,23.16 3 1
github.com/Futturi/vktest/internal/service/actor_service.go:23.16,25.3 1 0
github.com/Futturi/vktest/internal/service/actor_service.go:26.2,26.29 1 1
github.com/Futturi/vktest/internal/service/actor_service.go:26.29,29.17 3 0
github.com/Futturi/vktest/internal/service/actor_service.go:29.17,31.4 1 0
github.com/Futturi/vktest/internal/service/actor_service.go:32.3,34.123 3 0
github.com/Futturi/vktest/internal/service/actor_service.go:36.2,36.20 1 1
github.com/Futturi/vktest/internal/service/actor_service.go:38.70,40.16 2 1
github.com/Futturi/vktest/internal/service/actor_service.go:40.16,42.3 1 0
github.com/Futturi/vktest/internal/service/actor_service.go:43.2,44.34 2 1
github.com/Futturi/vktest/internal/service/actor_service.go:47.77,48.23 1 1
github.com/Futturi/vktest/internal/service/actor_service.go:48.23,50.17 2 0
github.com/Futturi/vktest/internal/service/actor_service.go:50.17,52.4 1 0
github.com/Futturi/vktest/internal/service/actor_service.go:53.3,54.18 2 0
github.com/Futturi/vktest/internal/service/actor_service.go:56.2,56.38 1 1
github.com/Futturi/vktest/internal/service/actor_service.go:59.54,61.2 1 1
github.com/Futturi/vktest/internal/service/auth_service.go:22.66,24.2 1 1
github.com/Futturi/vktest/internal/service/auth_service.go:26.62,29.2 2 0
github.com/Futturi/vktest/internal/service/auth_service.go:37.65,40.16 3 0
github.com/Futturi/vktest/internal/service/auth_service.go:40.16,42.3 1 0
github.com/Futturi/vktest/internal/service/auth_service.go:43.2,49.43 3 0
github.com/Futturi/vktest/internal/service/auth_service.go:52.72,53.99 1 0
github.com/Futturi/vktest/internal/service/auth_service.go:53.99,54.58 1 0
github.com/Futturi/vktest/internal/service/auth_service.go:54.58,56.4 1 0
github.com/Futturi/vktest/internal/service/auth_service.go:57.3,57.29 1 0
github.com/Futturi/vktest/internal/service/auth_service.go:59.2,59.16 1 0
github.com/Futturi/vktest/internal/service/auth_service.go:59.16,61.3 1 0
github.com/Futturi/vktest/internal/service/auth_service.go:62.2,63.9 2 0
github.com/Futturi/vktest/internal/service/auth_service.go:63.9,65.3 1 0
github.com/Futturi/vktest/internal/service/auth_service.go:66.2,66.58 1 0
github.com/Futturi/vktest/internal/service/auth_service.go:69.69,72.2 2 0
github.com/Futturi/vktest/internal/service/auth_service.go:74.72,77.16 3 0
github.com/Futturi/vktest/internal/service/auth_service.go:77.16,79.3 1 0
github.com/Futturi/vktest/internal/service/auth_service.go:80.2,86.43 3 0
github.com/Futturi/vktest/internal/service/cinema_service.go:18.67,20.2 1 1
github.com/Futturi/vktest/internal/service/cinema_service.go:22.74,23.23 1 1
github.com/Futturi/vktest/internal/service/cinema_service.go:23.23,25.17 2 1
github.com/Futturi/vktest/internal/service/cinema_service.go:25.17,27.4 1 0
github.com/Futturi/vktest/internal/service/cinema_service.go:28.3,28.47 1 1
github.com/Futturi/vktest/internal/service/cinema_service.go:30.2,30.23 1 1
github.com/Futturi/vktest/internal/service/cinema_service.go:30.23,32.3 1 0
github.com/Futturi/vktest/internal/service/cinema_service.go:33.2,33.28 1 1
github.com/Futturi/vktest/internal/service/cinema_service.go:33.28,35.3 1 1
github.com/Futturi/vktest/internal/service/cinema_service.go:36.2,36.36 1 1
github.com/Futturi/vktest/internal/service/cinema_service.go:36.36,38.3 1 0
github.com/Futturi/vktest/internal/service/cinema_service.go:39.2,39.45 1 1
github.com/Futturi/vktest/internal/service/cinema_service.go:39.45,41.3 1 1
github.com/Futturi/vktest/internal/service/cinema_service.go:42.2,42.36 1 1
github.com/Futturi/vktest/internal/service/cinema_service.go:45.82,46.24 1 1
github.com/Futturi/vktest/internal/service/cinema_service.go:46.24,48.17 2 0
github.com/Futturi/vktest/internal/service/cinema_service.go:48.17,50.4 1 0
github.com/Futturi/vktest/internal/service/cinema_service.go:51.3,52.19 2 0
github.com/Futturi/vktest/internal/service/cinema_service.go:54.2,54.24 1 1
github.com/Futturi/vktest/internal/service/cinema_service.go:54.24,57.3 2 1
github.com/Futturi/vktest/internal/service/cinema_service.go:58.2,58.29 1 1
github.com/Futturi/vktest/internal/service/cinema_service.go:58.29,60.3 1 0
github.com/Futturi/vktest/internal/service/cinema_service.go:61.2,61.37 1 1
github.com/Futturi/vktest/internal/service/cinema_service.go:61.37,63.3 1 0
github.com/Futturi/vktest/internal/service/cinema_service.go:64.2,64.47 1 1
github.com/Futturi/vktest/internal/service/cinema_service.go:64.47,66.3 1 0
github.com/Futturi/vktest/internal/service/cinema_service.go:67.2,67.38 1 1
github.com/Futturi/vktest/internal/service/cinema_service.go:70.54,72.2 1 1
github.com/Futturi/vktest/internal/service/cinema_service.go:74.74,77.16 3 1
github.com/Futturi/vktest/internal/service/cinema_service.go:77.16,79.3 1 0
github.com/Futturi/vktest/internal/service/cinema_service.go:80.2,80.21 1 1
github.com/Futturi/vktest/internal/service/cinema_service.go:80.21,81.57 1 1
github.com/Futturi/vktest/internal/service/cinema_service.go:81.57,82.31 1 0
github.com/Futturi/vktest/internal/service/cinema_service.go:83.14,84.14 1 0
github.com/Futturi/vktest/internal/service/cinema_service.go:85.15,86.13 1 0
github.com/Futturi/vktest/internal/service/cinema_service.go:87.12,88.13 1 0
github.com/Futturi/vktest/internal/service/cinema_service.go:92.2,92.19 1 1
github.com/Futturi/vktest/internal/service/cinema_service.go:92.19,93.57 1 1
github.com/Futturi/vktest/internal/service/cinema_service.go:93.57,94.27 1 0
github.com/Futturi/vktest/internal/service/cinema_service.go:95.14,96.14 1 0
github.com/Futturi/vktest/internal/service/cinema_service.go:97.15,98.13 1 0
github.com/Futturi/vktest/internal/service/cinema_service.go:99.12,100.13 1 0
github.com/Futturi/vktest/internal/service/cinema_service.go:104.2,104.19 1 1
github.com/Futturi/vktest/internal/service/cinema_service.go:104.19,105.57 1 1
github.com/Futturi/vktest/internal/service/cinema_service.go:105.57,107.18 2 0
github.com/Futturi/vktest/internal/service/cinema_service.go:107.18,109.5 1 0
github.com/Futturi/vktest/internal/service/cinema_service.go:110.4,111.18 2 0
github.com/Futturi/vktest/internal/service/cinema_service.go:111.18,113.5 1 0
github.com/Futturi/vktest/internal/service/cinema_service.go:114.4,114.25 1 0
github.com/Futturi/vktest/internal/service/cinema_service.go:115.14,116.14 1 0
github.com/Futturi/vktest/internal/service/cinema_service.go:117.15,118.13 1 0
github.com/Futturi/vktest/internal/service/cinema_service.go:119.12,120.13 1 0
github.com/Futturi/vktest/internal/service/cinema_service.go:124.2,124.30 1 1
github.com/Futturi/vktest/internal/service/cinema_service.go:124.30,127.17 3 0
github.com/Futturi/vktest/internal/service/cinema_service.go:127.17,129.4 1 0
github.com/Futturi/vktest/internal/service/cinema_service.go:130.3,139.5 3 0
github.com/Futturi/vktest/internal/service/cinema_service.go:141.2,141.20 1 1
github.com/Futturi/vktest/internal/service/cinema_service.go:144.80,147.16 3 0
github.com/Futturi/vktest/internal/service/cinema_service.go:147.16,149.3 1 0
github.com/Futturi/vktest/internal/service/cinema_service.go:150.2,150.31 1 0
github.com/Futturi/vktest/internal/service/cinema_service.go:150.31,152.3 1 0
github.com/Futturi/vktest/internal/service/cinema_service.go:153.2,153.31 1 0
github.com/Futturi/vktest/internal/service/cinema_service.go:153.31,155.3 1 0
github.com/Futturi/vktest/internal/service/cinema_service.go:156.2,156.33 1 0
github.com/Futturi/vktest/internal/service/service.go:38.55,42.2 1 1
github.com/Futturi/vktest/docs/docs.go:540.13,542.2 1 1
github.com/Futturi/vktest/internal/handler/actors.go:22.67,23.23 1 1
github.com/Futturi/vktest/internal/handler/actors.go:23.23,25.17 2 1
github.com/Futturi/vktest/internal/handler/actors.go:25.17,29.4 3 0
github.com/Futturi/vktest/internal/handler/actors.go:30.3,32.15 3 1
github.com/Futturi/vktest/internal/handler/actors.go:34.2,34.24 1 1
github.com/Futturi/vktest/internal/handler/actors.go:34.24,36.3 1 0
github.com/Futturi/vktest/internal/handler/actors.go:37.2,37.23 1 1
github.com/Futturi/vktest/internal/handler/actors.go:37.23,39.3 1 0
github.com/Futturi/vktest/internal/handler/actors.go:40.2,40.26 1 1
github.com/Futturi/vktest/internal/handler/actors.go:40.26,42.3 1 0
github.com/Futturi/vktest/internal/handler/actors.go:55.69,56.25 1 1
github.com/Futturi/vktest/internal/handler/actors.go:56.25,59.3 2 1
github.com/Futturi/vktest/internal/handler/actors.go:59.8,66.17 5 1
github.com/Futturi/vktest/internal/handler/actors.go:66.17,70.4 3 0
github.com/Futturi/vktest/internal/handler/actors.go:71.3,74.16 4 1
github.com/Futturi/vktest/internal/handler/actors.go:88.69,89.25 1 1
github.com/Futturi/vktest/internal/handler/actors.go:89.25,92.3 2 1
github.com/Futturi/vktest/internal/handler/actors.go:92.8,99.17 5 1
github.com/Futturi/vktest/internal/handler/actors.go:99.17,103.4 3 0
github.com/Futturi/vktest/internal/handler/actors.go:105.3,106.17 2 1
github.com/Futturi/vktest/internal/handler/actors.go:106.17,110.4 3 0
github.com/Futturi/vktest/internal/handler/actors.go:112.3,113.17 2 1
github.com/Futturi/vktest/internal/handler/actors.go:113.17,117.4 3 0
github.com/Futturi/vktest/internal/handler/actors.go:118.3,120.16 3 1
github.com/Futturi/vktest/internal/handler/actors.go:135.69,136.26 1 1
github.com/Futturi/vktest/internal/handler/actors.go:136.26,137.26 1 1
github.com/Futturi/vktest/internal/handler/actors.go:137.26,140.4 2 1
github.com/Futturi/vktest/internal/handler/actors.go:140.9,143.18 3 1
github.com/Futturi/vktest/internal/handler/actors.go:143.18,147.5 3 0
github.com/Futturi/vktest/internal/handler/actors.go:148.4,150.17 3 1
github.com/Futturi/vktest/internal/handler/auth.go:24.64,25.24 1 1
github.com/Futturi/vktest/internal/handler/auth.go:25.24,28.3 2 0
github.com/Futturi/vktest/internal/handler/auth.go:29.2,32.16 4 1
github.com/Futturi/vktest/internal/handler/auth.go:32.16,36.3 3 0
github.com/Futturi/vktest/internal/handler/auth.go:37.2,38.16 2 1
github.com/Futturi/vktest/internal/handler/auth.go:38.16,42.3 3 0
github.com/Futturi/vktest/internal/handler/auth.go:43.2,43.48 1 1
github.com/Futturi/vktest/internal/handler/auth.go:43.48,47.3 3 1
github.com/Futturi/vktest/internal/handler/auth.go:48.2,49.16 2 1
github.com/Futturi/vktest/internal/handler/auth.go:49.16,53.3 3 0
github.com/Futturi/vktest/internal/handler/auth.go:54.2,58.58 5 1
github.com/Futturi/vktest/internal/handler/auth.go:71.64,72.24 1 1
github.com/Futturi/vktest/internal/handler/auth.go:72.24,75.3 2 0
github.com/Futturi/vktest/internal/handler/auth.go:76.2,78.16 3 1
github.com/Futturi/vktest/internal/handler/auth.go:78.16,82.3 3 0
github.com/Futturi/vktest/internal/handler/auth.go:83.2,84.16 2 1
github.com/Futturi/vktest/internal/handler/auth.go:84.16,88.3 3 1
github.com/Futturi/vktest/internal/handler/auth.go:90.2,90.48 1 1
github.com/Futturi/vktest/internal/handler/auth.go:90.48,94.3 3 0
github.com/Futturi/vktest/internal/handler/auth.go:96.2,97.16 2 1
github.com/Futturi/vktest/internal/handler/auth.go:97.16,101.3 3 1
github.com/Futturi/vktest/internal/handler/auth.go:102.2,102.16 1 1
github.com/Futturi/vktest/internal/handler/auth.go:102.16,106.3 3 0
github.com/Futturi/vktest/internal/handler/auth.go:107.2,111.70 5 1
github.com/Futturi/vktest/internal/handler/auth.go:124.69,125.24 1 1
github.com/Futturi/vktest/internal/handler/auth.go:125.24,128.3 2 0
github.com/Futturi/vktest/internal/handler/auth.go:129.2,131.16 3 1
github.com/Futturi/vktest/internal/handler/auth.go:131.16,135.3 3 0
github.com/Futturi/vktest/internal/handler/auth.go:136.2,137.16 2 1
github.com/Futturi/vktest/internal/handler/auth.go:137.16,141.3 3 0
github.com/Futturi/vktest/internal/handler/auth.go:142.2,142.50 1 1
github.com/Futturi/vktest/internal/handler/auth.go:142.50,146.3 3 1
github.com/Futturi/vktest/internal/handler/auth.go:147.2,148.16 2 1
github.com/Futturi/vktest/internal/handler/auth.go:148.16,152.3 3 0
github.com/Futturi/vktest/internal/handler/auth.go:153.2,158.58 5 1
github.com/Futturi/vktest/internal/handler/auth.go:171.69,172.24 1 1
github.com/Futturi/vktest/internal/handler/auth.go:172.24,175.3 2 0
github.com/Futturi/vktest/internal/handler/auth.go:176.2,178.16 3 1
github.com/Futturi/vktest/internal/handler/auth.go:178.16,182.3 3 0
github.com/Futturi/vktest/internal/handler/auth.go:183.2,184.16 2 1
github.com/Futturi/vktest/internal/handler/auth.go:184.16,188.3 3 1
github.com/Futturi/vktest/internal/handler/auth.go:190.2,190.50 1 1
github.com/Futturi/vktest/internal/handler/auth.go:190.50,194.3 3 0
github.com/Futturi/vktest/internal/handler/auth.go:196.2,197.16 2 1
github.com/Futturi/vktest/internal/handler/auth.go:197.16,201.3 3 1
github.com/Futturi/vktest/internal/handler/auth.go:202.2,202.16 1 1
github.com/Futturi/vktest/internal/handler/auth.go:202.16,205.17 3 0
github.com/Futturi/vktest/internal/handler/auth.go:205.17,208.4 2 0
github.com/Futturi/vktest/internal/handler/auth.go:209.3,209.15 1 0
github.com/Futturi/vktest/internal/handler/auth.go:211.2,215.71 5 1
github.com/Futturi/vktest/internal/handler/cinema.go:22.68,23.24 1 1
github.com/Futturi/vktest/internal/handler/cinema.go:23.24,24.26 1 1
github.com/Futturi/vktest/internal/handler/cinema.go:24.26,27.4 2 1
github.com/Futturi/vktest/internal/handler/cinema.go:27.9,29.18 2 1
github.com/Futturi/vktest/internal/handler/cinema.go:29.18,33.5 3 0
github.com/Futturi/vktest/internal/handler/cinema.go:34.4,36.18 3 1
github.com/Futturi/vktest/internal/handler/cinema.go:36.18,40.5 3 1
github.com/Futturi/vktest/internal/handler/cinema.go:41.4,43.18 3 1
github.com/Futturi/vktest/internal/handler/cinema.go:43.18,47.5 3 0
github.com/Futturi/vktest/internal/handler/cinema.go:48.4,49.18 2 1
github.com/Futturi/vktest/internal/handler/cinema.go:49.18,53.5 3 0
github.com/Futturi/vktest/internal/handler/cinema.go:54.4,55.17 2 1
github.com/Futturi/vktest/internal/handler/cinema.go:58.2,58.23 1 1
github.com/Futturi/vktest/internal/handler/cinema.go:58.23,60.3 1 0
github.com/Futturi/vktest/internal/handler/cinema.go:61.2,61.26 1 1
github.com/Futturi/vktest/internal/handler/cinema.go:61.26,63.3 1 0
github.com/Futturi/vktest/internal/handler/cinema.go:64.2,64.23 1 1
github.com/Futturi/vktest/internal/handler/cinema.go:64.23,66.3 1 0
github.com/Futturi/vktest/internal/handler/cinema.go:79.68,80.25 1 1
github.com/Futturi/vktest/internal/handler/cinema.go:80.25,83.3 2 1
github.com/Futturi/vktest/internal/handler/cinema.go:83.8,88.17 4 1
github.com/Futturi/vktest/internal/handler/cinema.go:88.17,92.4 3 1
github.com/Futturi/vktest/internal/handler/cinema.go:94.3,96.17 3 1
github.com/Futturi/vktest/internal/handler/cinema.go:96.17,100.4 3 0
github.com/Futturi/vktest/internal/handler/cinema.go:101.3,103.16 3 1
github.com/Futturi/vktest/internal/handler/cinema.go:116.68,117.25 1 1
github.com/Futturi/vktest/internal/handler/cinema.go:117.25,120.3 2 1
github.com/Futturi/vktest/internal/handler/cinema.go:120.8,123.17 3 1
github.com/Futturi/vktest/internal/handler/cinema.go:123.17,127.4 3 0
github.com/Futturi/vktest/internal/handler/cinema.go:128.3,130.15 3 1
github.com/Futturi/vktest/internal/handler/cinema.go:143.66,145.9 2 1
github.com/Futturi/vktest/internal/handler/cinema.go:146.75,147.17 1 1
github.com/Futturi/vktest/internal/handler/cinema.go:148.43,149.15 1 0
github.com/Futturi/vktest/internal/handler/cinema.go:150.43,151.15 1 0
github.com/Futturi/vktest/internal/handler/cinema.go:152.10,153.17 1 0
github.com/Futturi/vktest/internal/handler/cinema.go:156.2,157.16 2 1
github.com/Futturi/vktest/internal/handler/cinema.go:157.16,161.3 3 0
github.com/Futturi/vktest/internal/handler/cinema.go:162.2,165.14 4 1
github.com/Futturi/vktest/internal/handler/cinema.go:178.64,179.24 1 1
github.com/Futturi/vktest/internal/handler/cinema.go:179.24,182.17 3 1
github.com/Futturi/vktest/internal/handler/cinema.go:182.17,186.4 3 0
github.com/Futturi/vktest/internal/handler/cinema.go:187.3,188.17 2 1
github.com/Futturi/vktest/internal/handler/cinema.go:188.17,192.4 3 0
github.com/Futturi/vktest/internal/handler/cinema.go:193.3,194.17 2 1
github.com/Futturi/vktest/internal/handler/cinema.go:194.17,198.4 3 0
github.com/Futturi/vktest/internal/handler/cinema.go:199.3,201.16 3 1
github.com/Futturi/vktest/internal/handler/handler.go:15.48,17.2 1 1
github.com/Futturi/vktest/internal/handler/handler.go:19.39,31.2 11 0
github.com/Futturi/vktest/internal/handler/middleware.go:17.63,18.71 1 1
github.com/Futturi/vktest/internal/handler/middleware.go:18.71,20.17 2 1
github.com/Futturi/vktest/internal/handler/middleware.go:20.17,25.4 4 1
github.com/Futturi/vktest/internal/handler/middleware.go:26.3,27.28 2 1
github.com/Futturi/vktest/internal/handler/middleware.go:27.28,32.4 4 1
github.com/Futturi/vktest/internal/handler/middleware.go:34.3,34.33 1 1
github.com/Futturi/vktest/internal/handler/middleware.go:34.33,39.4 4 1
github.com/Futturi/vktest/internal/handler/middleware.go:40.3,40.27 1 1
github.com/Futturi/vktest/internal/handler/middleware.go:40.27,45.4 4 1
github.com/Futturi/vktest/internal/handler/middleware.go:47.3,48.16 2 1
github.com/Futturi/vktest/internal/handler/middleware.go:48.16,52.4 3 0
github.com/Futturi/vktest/internal/handler/middleware.go:53.3,54.14 2 1
github.com/Futturi/vktest/internal/handler/middleware.go:54.14,56.4 1 1
github.com/Futturi/vktest/internal/handler/middleware.go:56.9,58.4 1 0
github.com/Futturi/vktest/internal/handler/middleware.go:59.3,63.23 5 1
github.com/Futturi/vktest/internal/handler/middleware.go:67.53,70.2 2 1
github.com/Futturi/vktest/internal/service/mocks/mock.go:26.67,30.2 3 1
github.com/Futturi/vktest/internal/service/mocks/mock.go:33.65,35.2 1 1
github.com/Futturi/vktest/internal/service/mocks/mock.go:38.74,45.2 6 1
github.com/Futturi/vktest/internal/service/mocks/mock.go:48.83,51.2 2 1
github.com/Futturi/vktest/internal/service/mocks/mock.go:54.68,60.2 5 1
github.com/Futturi/vktest/internal/service/mocks/mock.go:63.78,66.2 2 1
github.com/Futturi/vktest/internal/service/mocks/mock.go:69.75,75.2 5 1
github.com/Futturi/vktest/internal/service/mocks/mock.go:78.84,81.2 2 1
github.com/Futturi/vktest/internal/service/mocks/mock.go:84.65,90.2 5 1
github.com/Futturi/vktest/internal/service/mocks/mock.go:93.78,96.2 2 1
github.com/Futturi/vktest/internal/service/mocks/mock.go:99.72,105.2 5 1
github.com/Futturi/vktest/internal/service/mocks/mock.go:108.84,111.2 2 1
github.com/Futturi/vktest/internal/service/mocks/mock.go:125.69,129.2 3 1
github.com/Futturi/vktest/internal/service/mocks/mock.go:132.67,134.2 1 1
github.com/Futturi/vktest/internal/service/mocks/mock.go:137.57,142.2 4 1
github.com/Futturi/vktest/internal/service/mocks/mock.go:145.82,148.2 2 1
github.com/Futturi/vktest/internal/service/mocks/mock.go:151.70,157.2 5 1
github.com/Futturi/vktest/internal/service/mocks/mock.go:160.66,163.2 2 1
github.com/Futturi/vktest/internal/service/mocks/mock.go:166.73,172.2 5 1
github.com/Futturi/vktest/internal/service/mocks/mock.go:175.85,178.2 2 1
github.com/Futturi/vktest/internal/service/mocks/mock.go:181.80,186.2 4 1
github.com/Futturi/vktest/internal/service/mocks/mock.go:189.89,192.2 2 1
github.com/Futturi/vktest/internal/service/mocks/mock.go:206.71,210.2 3 1
github.com/Futturi/vktest/internal/service/mocks/mock.go:213.69,215.2 1 1
github.com/Futturi/vktest/internal/service/mocks/mock.go:218.57,223.2 4 1
github.com/Futturi/vktest/internal/service/mocks/mock.go:226.82,229.2 2 1
github.com/Futturi/vktest/internal/service/mocks/mock.go:232.77,238.2 5 1
github.com/Futturi/vktest/internal/service/mocks/mock.go:241.83,244.2 2 1
github.com/Futturi/vktest/internal/service/mocks/mock.go:247.77,253.2 5 1
github.com/Futturi/vktest/internal/service/mocks/mock.go:256.88,259.2 2 1
github.com/Futturi/vktest/internal/service/mocks/mock.go:262.83,268.2 5 1
github.com/Futturi/vktest/internal/service/mocks/mock.go:271.82,274.2 2 1
github.com/Futturi/vktest/internal/service/mocks/mock.go:277.85,282.2 4 1
github.com/Futturi/vktest/internal/service/mocks/mock.go:285.90,288.2 2 1
github.com/Futturi/vktest/pkg/migr.go:11.32,15.16 2 0
github.com/Futturi/vktest/pkg/migr.go:15.16,17.3 1 0
github.com/Futturi/vktest/pkg/migr.go:18.2,18.15 1 0
github.com/Futturi/vktest/pkg/newdb.go:18.50,21.16 2 1
github.com/Futturi/vktest/pkg/newdb.go:21.16,23.3 1 0
github.com/Futturi/vktest/pkg/newdb.go:24.2,24.18 1 1
github.com/Futturi/vktest/pkg/newdb.go:27.34,29.2 1 1
